INFO:.home.mininet.riplpox.riplpox:RipL-POX running with topo=ft,4.
DEBUG:core:POX 0.0.0 going up...
DEBUG:core:Running on CPython (2.7.3/Sep 26 2012 21:51:14)
INFO:core:POX 0.0.0 is up.
DEBUG:openflow.of_01:Listening for connections on 0.0.0.0:6633
INFO:openflow.of_01:[Con 1/None] closing connection
INFO:openflow.of_01:[Con 2/1] Connected to 00-00-00-00-00-01
INFO:.home.mininet.riplpox.riplpox:Saw switch come up: 00-00-00-00-00-01
INFO:.home.mininet.riplpox.riplpox:Added fresh switch 00-00-00-00-00-01
DEBUG:.home.mininet.riplpox.riplpox:Connect [Con 2/1]
INFO:openflow.of_01:[Con 3/257] Connected to 00-00-00-00-01-01
INFO:.home.mininet.riplpox.riplpox:Saw switch come up: 00-00-00-00-01-01
INFO:.home.mininet.riplpox.riplpox:Added fresh switch 00-00-00-00-01-01
DEBUG:.home.mininet.riplpox.riplpox:Connect [Con 3/257]
INFO:openflow.of_01:[Con 4/513] Connected to 00-00-00-00-02-01
INFO:.home.mininet.riplpox.riplpox:Saw switch come up: 00-00-00-00-02-01
INFO:.home.mininet.riplpox.riplpox:Added fresh switch 00-00-00-00-02-01
DEBUG:.home.mininet.riplpox.riplpox:Connect [Con 4/513]
INFO:openflow.of_01:[Con 5/769] Connected to 00-00-00-00-03-01
INFO:.home.mininet.riplpox.riplpox:Saw switch come up: 00-00-00-00-03-01
INFO:.home.mininet.riplpox.riplpox:Added fresh switch 00-00-00-00-03-01
DEBUG:.home.mininet.riplpox.riplpox:Connect [Con 5/769]
INFO:.home.mininet.riplpox.riplpox:Saw PacketIn before all switches were up - ignoring.
INFO:openflow.of_01:[Con 6/65537] Connected to 00-00-00-01-00-01
INFO:.home.mininet.riplpox.riplpox:Saw switch come up: 00-00-00-01-00-01
INFO:.home.mininet.riplpox.riplpox:Added fresh switch 00-00-00-01-00-01
DEBUG:.home.mininet.riplpox.riplpox:Connect [Con 6/65537]
INFO:.home.mininet.riplpox.riplpox:Saw PacketIn before all switches were up - ignoring.
INFO:.home.mininet.riplpox.riplpox:Saw PacketIn before all switches were up - ignoring.
INFO:openflow.of_01:[Con 7/65793] Connected to 00-00-00-01-01-01
INFO:.home.mininet.riplpox.riplpox:Saw switch come up: 00-00-00-01-01-01
INFO:.home.mininet.riplpox.riplpox:Added fresh switch 00-00-00-01-01-01
DEBUG:.home.mininet.riplpox.riplpox:Connect [Con 7/65793]
INFO:.home.mininet.riplpox.riplpox:Saw PacketIn before all switches were up - ignoring.
INFO:.home.mininet.riplpox.riplpox:Saw PacketIn before all switches were up - ignoring.
INFO:.home.mininet.riplpox.riplpox:Saw PacketIn before all switches were up - ignoring.
INFO:openflow.of_01:[Con 8/66049] Connected to 00-00-00-01-02-01
INFO:.home.mininet.riplpox.riplpox:Saw switch come up: 00-00-00-01-02-01
INFO:.home.mininet.riplpox.riplpox:Added fresh switch 00-00-00-01-02-01
DEBUG:.home.mininet.riplpox.riplpox:Connect [Con 8/66049]
INFO:.home.mininet.riplpox.riplpox:Saw PacketIn before all switches were up - ignoring.
INFO:openflow.of_01:[Con 9/66305] Connected to 00-00-00-01-03-01
INFO:.home.mininet.riplpox.riplpox:Saw switch come up: 00-00-00-01-03-01
INFO:.home.mininet.riplpox.riplpox:Added fresh switch 00-00-00-01-03-01
DEBUG:.home.mininet.riplpox.riplpox:Connect [Con 9/66305]
INFO:openflow.of_01:[Con 10/131073] Connected to 00-00-00-02-00-01
INFO:.home.mininet.riplpox.riplpox:Saw switch come up: 00-00-00-02-00-01
INFO:.home.mininet.riplpox.riplpox:Added fresh switch 00-00-00-02-00-01
DEBUG:.home.mininet.riplpox.riplpox:Connect [Con 10/131073]
INFO:.home.mininet.riplpox.riplpox:Saw PacketIn before all switches were up - ignoring.
INFO:openflow.of_01:[Con 11/131329] Connected to 00-00-00-02-01-01
INFO:.home.mininet.riplpox.riplpox:Saw switch come up: 00-00-00-02-01-01
INFO:.home.mininet.riplpox.riplpox:Added fresh switch 00-00-00-02-01-01
DEBUG:.home.mininet.riplpox.riplpox:Connect [Con 11/131329]
INFO:openflow.of_01:[Con 12/131585] Connected to 00-00-00-02-02-01
INFO:.home.mininet.riplpox.riplpox:Saw switch come up: 00-00-00-02-02-01
INFO:.home.mininet.riplpox.riplpox:Added fresh switch 00-00-00-02-02-01
DEBUG:.home.mininet.riplpox.riplpox:Connect [Con 12/131585]
INFO:.home.mininet.riplpox.riplpox:Saw PacketIn before all switches were up - ignoring.
INFO:openflow.of_01:[Con 13/131841] Connected to 00-00-00-02-03-01
INFO:.home.mininet.riplpox.riplpox:Saw switch come up: 00-00-00-02-03-01
INFO:.home.mininet.riplpox.riplpox:Added fresh switch 00-00-00-02-03-01
DEBUG:.home.mininet.riplpox.riplpox:Connect [Con 13/131841]
INFO:.home.mininet.riplpox.riplpox:Saw PacketIn before all switches were up - ignoring.
INFO:openflow.of_01:[Con 14/196609] Connected to 00-00-00-03-00-01
INFO:.home.mininet.riplpox.riplpox:Saw switch come up: 00-00-00-03-00-01
INFO:.home.mininet.riplpox.riplpox:Added fresh switch 00-00-00-03-00-01
DEBUG:.home.mininet.riplpox.riplpox:Connect [Con 14/196609]
INFO:.home.mininet.riplpox.riplpox:Saw PacketIn before all switches were up - ignoring.
INFO:.home.mininet.riplpox.riplpox:Saw PacketIn before all switches were up - ignoring.
INFO:.home.mininet.riplpox.riplpox:Saw PacketIn before all switches were up - ignoring.
INFO:openflow.of_01:[Con 15/196865] Connected to 00-00-00-03-01-01
INFO:.home.mininet.riplpox.riplpox:Saw switch come up: 00-00-00-03-01-01
INFO:.home.mininet.riplpox.riplpox:Added fresh switch 00-00-00-03-01-01
DEBUG:.home.mininet.riplpox.riplpox:Connect [Con 15/196865]
INFO:.home.mininet.riplpox.riplpox:Saw PacketIn before all switches were up - ignoring.
INFO:openflow.of_01:[Con 16/197121] Connected to 00-00-00-03-02-01
INFO:.home.mininet.riplpox.riplpox:Saw switch come up: 00-00-00-03-02-01
INFO:.home.mininet.riplpox.riplpox:Added fresh switch 00-00-00-03-02-01
DEBUG:.home.mininet.riplpox.riplpox:Connect [Con 16/197121]
INFO:.home.mininet.riplpox.riplpox:Saw PacketIn before all switches were up - ignoring.
INFO:openflow.of_01:[Con 17/197377] Connected to 00-00-00-03-03-01
INFO:.home.mininet.riplpox.riplpox:Saw switch come up: 00-00-00-03-03-01
INFO:.home.mininet.riplpox.riplpox:Added fresh switch 00-00-00-03-03-01
DEBUG:.home.mininet.riplpox.riplpox:Connect [Con 17/197377]
INFO:openflow.of_01:[Con 18/262401] Connected to 00-00-00-04-01-01
INFO:.home.mininet.riplpox.riplpox:Saw switch come up: 00-00-00-04-01-01
INFO:.home.mininet.riplpox.riplpox:Added fresh switch 00-00-00-04-01-01
DEBUG:.home.mininet.riplpox.riplpox:Connect [Con 18/262401]
INFO:.home.mininet.riplpox.riplpox:Saw PacketIn before all switches were up - ignoring.
INFO:openflow.of_01:[Con 19/262402] Connected to 00-00-00-04-01-02
INFO:.home.mininet.riplpox.riplpox:Saw switch come up: 00-00-00-04-01-02
INFO:.home.mininet.riplpox.riplpox:Added fresh switch 00-00-00-04-01-02
DEBUG:.home.mininet.riplpox.riplpox:Connect [Con 19/262402]
INFO:.home.mininet.riplpox.riplpox:Saw PacketIn before all switches were up - ignoring.
INFO:.home.mininet.riplpox.riplpox:Saw PacketIn before all switches were up - ignoring.
INFO:openflow.of_01:[Con 20/262657] Connected to 00-00-00-04-02-01
INFO:.home.mininet.riplpox.riplpox:Saw switch come up: 00-00-00-04-02-01
INFO:.home.mininet.riplpox.riplpox:Added fresh switch 00-00-00-04-02-01
DEBUG:.home.mininet.riplpox.riplpox:Connect [Con 20/262657]
INFO:.home.mininet.riplpox.riplpox:Saw PacketIn before all switches were up - ignoring.
INFO:.home.mininet.riplpox.riplpox:Saw PacketIn before all switches were up - ignoring.
INFO:openflow.of_01:[Con 21/262658] Connected to 00-00-00-04-02-02
INFO:.home.mininet.riplpox.riplpox:Saw switch come up: 00-00-00-04-02-02
INFO:.home.mininet.riplpox.riplpox:Added fresh switch 00-00-00-04-02-02
DEBUG:.home.mininet.riplpox.riplpox:Connect [Con 21/262658]
INFO:.home.mininet.riplpox.riplpox:Woo!  All switches up
INFO:.home.mininet.riplpox.riplpox:route: ['0_0_1']
INFO:.home.mininet.riplpox.riplpox:route: ['0_0_1']
INFO:.home.mininet.riplpox.riplpox:route: ['0_0_1']
INFO:.home.mininet.riplpox.riplpox:route: ['0_1_1', '0_2_1', '0_0_1']
INFO:.home.mininet.riplpox.riplpox:route: ['0_0_1', '0_2_1', '0_1_1']
INFO:.home.mininet.riplpox.riplpox:route: ['0_1_1', '0_2_1', '0_0_1']
INFO:.home.mininet.riplpox.riplpox:route: ['0_1_1', '0_2_1', '0_0_1']
INFO:.home.mininet.riplpox.riplpox:route: ['0_0_1', '0_2_1', '0_1_1']
INFO:.home.mininet.riplpox.riplpox:route: ['0_1_1', '0_2_1', '0_0_1']
INFO:.home.mininet.riplpox.riplpox:route: ['1_0_1', '1_2_1', '4_1_1', '0_2_1', '0_0_1']
INFO:.home.mininet.riplpox.riplpox:route: ['0_0_1', '0_2_1', '4_1_1', '1_2_1', '1_0_1']
INFO:.home.mininet.riplpox.riplpox:route: ['1_0_1', '1_2_1', '4_1_1', '0_2_1', '0_0_1']
INFO:.home.mininet.riplpox.riplpox:route: ['1_0_1', '1_2_1', '4_1_1', '0_2_1', '0_0_1']
INFO:.home.mininet.riplpox.riplpox:route: ['0_0_1', '0_2_1', '4_1_1', '1_2_1', '1_0_1']
INFO:.home.mininet.riplpox.riplpox:route: ['1_0_1', '1_2_1', '4_1_1', '0_2_1', '0_0_1']
INFO:.home.mininet.riplpox.riplpox:route: ['1_1_1', '1_2_1', '4_1_1', '0_2_1', '0_0_1']
INFO:.home.mininet.riplpox.riplpox:route: ['0_0_1', '0_2_1', '4_1_1', '1_2_1', '1_1_1']
INFO:.home.mininet.riplpox.riplpox:route: ['1_1_1', '1_2_1', '4_1_1', '0_2_1', '0_0_1']
INFO:.home.mininet.riplpox.riplpox:route: ['1_1_1', '1_2_1', '4_1_1', '0_2_1', '0_0_1']
INFO:.home.mininet.riplpox.riplpox:route: ['0_0_1', '0_2_1', '4_1_1', '1_2_1', '1_1_1']
INFO:.home.mininet.riplpox.riplpox:route: ['1_1_1', '1_2_1', '4_1_1', '0_2_1', '0_0_1']
INFO:.home.mininet.riplpox.riplpox:route: ['2_0_1', '2_2_1', '4_1_1', '0_2_1', '0_0_1']
INFO:.home.mininet.riplpox.riplpox:route: ['0_0_1', '0_2_1', '4_1_1', '2_2_1', '2_0_1']
INFO:.home.mininet.riplpox.riplpox:route: ['2_0_1', '2_2_1', '4_1_1', '0_2_1', '0_0_1']
INFO:.home.mininet.riplpox.riplpox:route: ['2_0_1', '2_2_1', '4_1_1', '0_2_1', '0_0_1']
INFO:.home.mininet.riplpox.riplpox:route: ['0_0_1', '0_2_1', '4_1_1', '2_2_1', '2_0_1']
INFO:.home.mininet.riplpox.riplpox:route: ['2_0_1', '2_2_1', '4_1_1', '0_2_1', '0_0_1']
INFO:.home.mininet.riplpox.riplpox:route: ['2_1_1', '2_2_1', '4_1_1', '0_2_1', '0_0_1']
INFO:.home.mininet.riplpox.riplpox:route: ['0_0_1', '0_2_1', '4_1_1', '2_2_1', '2_1_1']
INFO:.home.mininet.riplpox.riplpox:route: ['2_1_1', '2_2_1', '4_1_1', '0_2_1', '0_0_1']
INFO:.home.mininet.riplpox.riplpox:route: ['2_1_1', '2_2_1', '4_1_1', '0_2_1', '0_0_1']
INFO:.home.mininet.riplpox.riplpox:route: ['0_0_1', '0_2_1', '4_1_1', '2_2_1', '2_1_1']
INFO:.home.mininet.riplpox.riplpox:route: ['2_1_1', '2_2_1', '4_1_1', '0_2_1', '0_0_1']
INFO:.home.mininet.riplpox.riplpox:route: ['3_0_1', '3_2_1', '4_1_1', '0_2_1', '0_0_1']
INFO:.home.mininet.riplpox.riplpox:route: ['0_0_1', '0_2_1', '4_1_1', '3_2_1', '3_0_1']
INFO:.home.mininet.riplpox.riplpox:route: ['3_0_1', '3_2_1', '4_1_1', '0_2_1', '0_0_1']
INFO:.home.mininet.riplpox.riplpox:route: ['3_0_1', '3_2_1', '4_1_1', '0_2_1', '0_0_1']
INFO:.home.mininet.riplpox.riplpox:route: ['0_0_1', '0_2_1', '4_1_1', '3_2_1', '3_0_1']
INFO:.home.mininet.riplpox.riplpox:route: ['3_0_1', '3_2_1', '4_1_1', '0_2_1', '0_0_1']
INFO:.home.mininet.riplpox.riplpox:route: ['3_1_1', '3_2_1', '4_1_1', '0_2_1', '0_0_1']
INFO:.home.mininet.riplpox.riplpox:route: ['0_0_1', '0_2_1', '4_1_1', '3_2_1', '3_1_1']
INFO:.home.mininet.riplpox.riplpox:route: ['3_1_1', '3_2_1', '4_1_1', '0_2_1', '0_0_1']
INFO:.home.mininet.riplpox.riplpox:route: ['3_1_1', '3_2_1', '4_1_1', '0_2_1', '0_0_1']
INFO:.home.mininet.riplpox.riplpox:route: ['0_0_1', '0_2_1', '4_1_1', '3_2_1', '3_1_1']
INFO:.home.mininet.riplpox.riplpox:route: ['3_1_1', '3_2_1', '4_1_1', '0_2_1', '0_0_1']
INFO:.home.mininet.riplpox.riplpox:route: ['0_0_1']
INFO:.home.mininet.riplpox.riplpox:route: ['0_0_1']
INFO:.home.mininet.riplpox.riplpox:route: ['0_1_1', '0_2_1', '0_0_1']
INFO:.home.mininet.riplpox.riplpox:route: ['0_0_1', '0_2_1', '0_1_1']
INFO:.home.mininet.riplpox.riplpox:route: ['0_1_1', '0_2_1', '0_0_1']
INFO:.home.mininet.riplpox.riplpox:route: ['0_1_1', '0_2_1', '0_0_1']
INFO:.home.mininet.riplpox.riplpox:route: ['0_0_1', '0_2_1', '0_1_1']
INFO:.home.mininet.riplpox.riplpox:route: ['0_1_1', '0_2_1', '0_0_1']
INFO:.home.mininet.riplpox.riplpox:route: ['1_0_1', '1_2_1', '4_1_1', '0_2_1', '0_0_1']
INFO:.home.mininet.riplpox.riplpox:route: ['0_0_1', '0_2_1', '4_1_1', '1_2_1', '1_0_1']
INFO:.home.mininet.riplpox.riplpox:route: ['1_0_1', '1_2_1', '4_1_1', '0_2_1', '0_0_1']
INFO:.home.mininet.riplpox.riplpox:route: ['1_0_1', '1_2_1', '4_1_1', '0_2_1', '0_0_1']
INFO:.home.mininet.riplpox.riplpox:route: ['0_0_1', '0_2_1', '4_1_1', '1_2_1', '1_0_1']
INFO:.home.mininet.riplpox.riplpox:route: ['1_0_1', '1_2_1', '4_1_1', '0_2_1', '0_0_1']
INFO:.home.mininet.riplpox.riplpox:route: ['1_1_1', '1_2_1', '4_1_1', '0_2_1', '0_0_1']
INFO:.home.mininet.riplpox.riplpox:route: ['0_0_1', '0_2_1', '4_1_1', '1_2_1', '1_1_1']
INFO:.home.mininet.riplpox.riplpox:route: ['1_1_1', '1_2_1', '4_1_1', '0_2_1', '0_0_1']
INFO:.home.mininet.riplpox.riplpox:route: ['1_1_1', '1_2_1', '4_1_1', '0_2_1', '0_0_1']
INFO:.home.mininet.riplpox.riplpox:route: ['0_0_1', '0_2_1', '4_1_1', '1_2_1', '1_1_1']
INFO:.home.mininet.riplpox.riplpox:route: ['1_1_1', '1_2_1', '4_1_1', '0_2_1', '0_0_1']
INFO:.home.mininet.riplpox.riplpox:route: ['2_0_1', '2_2_1', '4_1_1', '0_2_1', '0_0_1']
INFO:.home.mininet.riplpox.riplpox:route: ['0_0_1', '0_2_1', '4_1_1', '2_2_1', '2_0_1']
INFO:.home.mininet.riplpox.riplpox:route: ['2_0_1', '2_2_1', '4_1_1', '0_2_1', '0_0_1']
INFO:.home.mininet.riplpox.riplpox:route: ['2_0_1', '2_2_1', '4_1_1', '0_2_1', '0_0_1']
INFO:.home.mininet.riplpox.riplpox:route: ['0_0_1', '0_2_1', '4_1_1', '2_2_1', '2_0_1']
INFO:.home.mininet.riplpox.riplpox:route: ['2_0_1', '2_2_1', '4_1_1', '0_2_1', '0_0_1']
INFO:.home.mininet.riplpox.riplpox:route: ['2_1_1', '2_2_1', '4_1_1', '0_2_1', '0_0_1']
INFO:.home.mininet.riplpox.riplpox:route: ['0_0_1', '0_2_1', '4_1_1', '2_2_1', '2_1_1']
INFO:.home.mininet.riplpox.riplpox:route: ['2_1_1', '2_2_1', '4_1_1', '0_2_1', '0_0_1']
INFO:.home.mininet.riplpox.riplpox:route: ['2_1_1', '2_2_1', '4_1_1', '0_2_1', '0_0_1']
INFO:.home.mininet.riplpox.riplpox:route: ['0_0_1', '0_2_1', '4_1_1', '2_2_1', '2_1_1']
INFO:.home.mininet.riplpox.riplpox:route: ['2_1_1', '2_2_1', '4_1_1', '0_2_1', '0_0_1']
INFO:.home.mininet.riplpox.riplpox:route: ['3_0_1', '3_2_1', '4_1_1', '0_2_1', '0_0_1']
INFO:.home.mininet.riplpox.riplpox:route: ['0_0_1', '0_2_1', '4_1_1', '3_2_1', '3_0_1']
INFO:.home.mininet.riplpox.riplpox:route: ['3_0_1', '3_2_1', '4_1_1', '0_2_1', '0_0_1']
INFO:.home.mininet.riplpox.riplpox:route: ['3_0_1', '3_2_1', '4_1_1', '0_2_1', '0_0_1']
INFO:.home.mininet.riplpox.riplpox:route: ['0_0_1', '0_2_1', '4_1_1', '3_2_1', '3_0_1']
INFO:.home.mininet.riplpox.riplpox:route: ['3_0_1', '3_2_1', '4_1_1', '0_2_1', '0_0_1']
INFO:.home.mininet.riplpox.riplpox:route: ['3_1_1', '3_2_1', '4_1_1', '0_2_1', '0_0_1']
INFO:.home.mininet.riplpox.riplpox:route: ['0_0_1', '0_2_1', '4_1_1', '3_2_1', '3_1_1']
INFO:.home.mininet.riplpox.riplpox:route: ['3_1_1', '3_2_1', '4_1_1', '0_2_1', '0_0_1']
INFO:.home.mininet.riplpox.riplpox:route: ['3_1_1', '3_2_1', '4_1_1', '0_2_1', '0_0_1']
INFO:.home.mininet.riplpox.riplpox:route: ['0_0_1', '0_2_1', '4_1_1', '3_2_1', '3_1_1']
INFO:.home.mininet.riplpox.riplpox:route: ['3_1_1', '3_2_1', '4_1_1', '0_2_1', '0_0_1']
INFO:.home.mininet.riplpox.riplpox:route: ['0_1_1', '0_2_1', '0_0_1']
INFO:.home.mininet.riplpox.riplpox:route: ['0_0_1', '0_2_1', '0_1_1']
INFO:.home.mininet.riplpox.riplpox:route: ['0_1_1', '0_2_1', '0_0_1']
INFO:.home.mininet.riplpox.riplpox:route: ['0_0_1', '0_2_1', '0_1_1']
INFO:.home.mininet.riplpox.riplpox:route: ['0_1_1']
INFO:.home.mininet.riplpox.riplpox:route: ['0_1_1']
INFO:.home.mininet.riplpox.riplpox:route: ['0_1_1']
INFO:.home.mininet.riplpox.riplpox:route: ['1_0_1', '1_2_1', '4_1_1', '0_2_1', '0_1_1']
INFO:.home.mininet.riplpox.riplpox:route: ['0_1_1', '0_2_1', '4_1_1', '1_2_1', '1_0_1']
INFO:.home.mininet.riplpox.riplpox:route: ['1_0_1', '1_2_1', '4_1_1', '0_2_1', '0_1_1']
INFO:.home.mininet.riplpox.riplpox:route: ['1_0_1', '1_2_1', '4_1_1', '0_2_1', '0_1_1']
INFO:.home.mininet.riplpox.riplpox:route: ['0_1_1', '0_2_1', '4_1_1', '1_2_1', '1_0_1']
INFO:.home.mininet.riplpox.riplpox:route: ['1_0_1', '1_2_1', '4_1_1', '0_2_1', '0_1_1']
INFO:.home.mininet.riplpox.riplpox:route: ['1_1_1', '1_2_1', '4_1_1', '0_2_1', '0_1_1']
INFO:.home.mininet.riplpox.riplpox:route: ['0_1_1', '0_2_1', '4_1_1', '1_2_1', '1_1_1']
INFO:.home.mininet.riplpox.riplpox:route: ['1_1_1', '1_2_1', '4_1_1', '0_2_1', '0_1_1']
INFO:.home.mininet.riplpox.riplpox:route: ['1_1_1', '1_2_1', '4_1_1', '0_2_1', '0_1_1']
INFO:.home.mininet.riplpox.riplpox:route: ['0_1_1', '0_2_1', '4_1_1', '1_2_1', '1_1_1']
INFO:.home.mininet.riplpox.riplpox:route: ['1_1_1', '1_2_1', '4_1_1', '0_2_1', '0_1_1']
INFO:.home.mininet.riplpox.riplpox:route: ['2_0_1', '2_2_1', '4_1_1', '0_2_1', '0_1_1']
INFO:.home.mininet.riplpox.riplpox:route: ['0_1_1', '0_2_1', '4_1_1', '2_2_1', '2_0_1']
INFO:.home.mininet.riplpox.riplpox:route: ['2_0_1', '2_2_1', '4_1_1', '0_2_1', '0_1_1']
INFO:.home.mininet.riplpox.riplpox:route: ['2_0_1', '2_2_1', '4_1_1', '0_2_1', '0_1_1']
INFO:.home.mininet.riplpox.riplpox:route: ['0_1_1', '0_2_1', '4_1_1', '2_2_1', '2_0_1']
INFO:.home.mininet.riplpox.riplpox:route: ['2_0_1', '2_2_1', '4_1_1', '0_2_1', '0_1_1']
INFO:.home.mininet.riplpox.riplpox:route: ['2_1_1', '2_2_1', '4_1_1', '0_2_1', '0_1_1']
INFO:.home.mininet.riplpox.riplpox:route: ['0_1_1', '0_2_1', '4_1_1', '2_2_1', '2_1_1']
INFO:.home.mininet.riplpox.riplpox:route: ['2_1_1', '2_2_1', '4_1_1', '0_2_1', '0_1_1']
INFO:.home.mininet.riplpox.riplpox:route: ['2_1_1', '2_2_1', '4_1_1', '0_2_1', '0_1_1']
INFO:.home.mininet.riplpox.riplpox:route: ['0_1_1', '0_2_1', '4_1_1', '2_2_1', '2_1_1']
INFO:.home.mininet.riplpox.riplpox:route: ['2_1_1', '2_2_1', '4_1_1', '0_2_1', '0_1_1']
INFO:.home.mininet.riplpox.riplpox:route: ['3_0_1', '3_2_1', '4_1_1', '0_2_1', '0_1_1']
INFO:.home.mininet.riplpox.riplpox:route: ['0_1_1', '0_2_1', '4_1_1', '3_2_1', '3_0_1']
INFO:.home.mininet.riplpox.riplpox:route: ['3_0_1', '3_2_1', '4_1_1', '0_2_1', '0_1_1']
INFO:.home.mininet.riplpox.riplpox:route: ['3_0_1', '3_2_1', '4_1_1', '0_2_1', '0_1_1']
INFO:.home.mininet.riplpox.riplpox:route: ['0_1_1', '0_2_1', '4_1_1', '3_2_1', '3_0_1']
INFO:.home.mininet.riplpox.riplpox:route: ['3_0_1', '3_2_1', '4_1_1', '0_2_1', '0_1_1']
INFO:.home.mininet.riplpox.riplpox:route: ['3_1_1', '3_2_1', '4_1_1', '0_2_1', '0_1_1']
INFO:.home.mininet.riplpox.riplpox:route: ['0_1_1', '0_2_1', '4_1_1', '3_2_1', '3_1_1']
INFO:.home.mininet.riplpox.riplpox:route: ['3_1_1', '3_2_1', '4_1_1', '0_2_1', '0_1_1']
INFO:.home.mininet.riplpox.riplpox:route: ['3_1_1', '3_2_1', '4_1_1', '0_2_1', '0_1_1']
INFO:.home.mininet.riplpox.riplpox:route: ['0_1_1', '0_2_1', '4_1_1', '3_2_1', '3_1_1']
INFO:.home.mininet.riplpox.riplpox:route: ['3_1_1', '3_2_1', '4_1_1', '0_2_1', '0_1_1']
INFO:.home.mininet.riplpox.riplpox:route: ['0_1_1', '0_2_1', '0_0_1']
INFO:.home.mininet.riplpox.riplpox:route: ['0_0_1', '0_2_1', '0_1_1']
INFO:.home.mininet.riplpox.riplpox:route: ['0_1_1', '0_2_1', '0_0_1']
INFO:.home.mininet.riplpox.riplpox:route: ['0_0_1', '0_2_1', '0_1_1']
INFO:.home.mininet.riplpox.riplpox:route: ['0_1_1']
INFO:.home.mininet.riplpox.riplpox:route: ['0_1_1']
INFO:.home.mininet.riplpox.riplpox:route: ['1_0_1', '1_2_1', '4_1_1', '0_2_1', '0_1_1']
INFO:.home.mininet.riplpox.riplpox:route: ['0_1_1', '0_2_1', '4_1_1', '1_2_1', '1_0_1']
INFO:.home.mininet.riplpox.riplpox:route: ['1_0_1', '1_2_1', '4_1_1', '0_2_1', '0_1_1']
INFO:.home.mininet.riplpox.riplpox:route: ['1_0_1', '1_2_1', '4_1_1', '0_2_1', '0_1_1']
INFO:.home.mininet.riplpox.riplpox:route: ['0_1_1', '0_2_1', '4_1_1', '1_2_1', '1_0_1']
INFO:.home.mininet.riplpox.riplpox:route: ['1_0_1', '1_2_1', '4_1_1', '0_2_1', '0_1_1']
INFO:.home.mininet.riplpox.riplpox:route: ['1_1_1', '1_2_1', '4_1_1', '0_2_1', '0_1_1']
INFO:.home.mininet.riplpox.riplpox:route: ['0_1_1', '0_2_1', '4_1_1', '1_2_1', '1_1_1']
INFO:.home.mininet.riplpox.riplpox:route: ['1_1_1', '1_2_1', '4_1_1', '0_2_1', '0_1_1']
INFO:.home.mininet.riplpox.riplpox:route: ['1_1_1', '1_2_1', '4_1_1', '0_2_1', '0_1_1']
INFO:.home.mininet.riplpox.riplpox:route: ['0_1_1', '0_2_1', '4_1_1', '1_2_1', '1_1_1']
INFO:.home.mininet.riplpox.riplpox:route: ['1_1_1', '1_2_1', '4_1_1', '0_2_1', '0_1_1']
INFO:.home.mininet.riplpox.riplpox:route: ['2_0_1', '2_2_1', '4_1_1', '0_2_1', '0_1_1']
INFO:.home.mininet.riplpox.riplpox:route: ['0_1_1', '0_2_1', '4_1_1', '2_2_1', '2_0_1']
INFO:.home.mininet.riplpox.riplpox:route: ['2_0_1', '2_2_1', '4_1_1', '0_2_1', '0_1_1']
INFO:.home.mininet.riplpox.riplpox:route: ['2_0_1', '2_2_1', '4_1_1', '0_2_1', '0_1_1']
INFO:.home.mininet.riplpox.riplpox:route: ['0_1_1', '0_2_1', '4_1_1', '2_2_1', '2_0_1']
INFO:.home.mininet.riplpox.riplpox:route: ['2_0_1', '2_2_1', '4_1_1', '0_2_1', '0_1_1']
INFO:.home.mininet.riplpox.riplpox:route: ['2_1_1', '2_2_1', '4_1_1', '0_2_1', '0_1_1']
INFO:.home.mininet.riplpox.riplpox:route: ['0_1_1', '0_2_1', '4_1_1', '2_2_1', '2_1_1']
INFO:.home.mininet.riplpox.riplpox:route: ['2_1_1', '2_2_1', '4_1_1', '0_2_1', '0_1_1']
INFO:.home.mininet.riplpox.riplpox:route: ['2_1_1', '2_2_1', '4_1_1', '0_2_1', '0_1_1']
INFO:.home.mininet.riplpox.riplpox:route: ['0_1_1', '0_2_1', '4_1_1', '2_2_1', '2_1_1']
INFO:.home.mininet.riplpox.riplpox:route: ['2_1_1', '2_2_1', '4_1_1', '0_2_1', '0_1_1']
INFO:.home.mininet.riplpox.riplpox:route: ['3_1_1', '3_2_1', '4_1_1', '0_2_1', '0_0_1']
INFO:.home.mininet.riplpox.riplpox:route: ['0_0_1']
INFO:.home.mininet.riplpox.riplpox:route: ['0_0_1', '0_2_1', '4_1_1', '3_2_1', '3_1_1']
INFO:.home.mininet.riplpox.riplpox:route: ['0_0_1']
INFO:.home.mininet.riplpox.riplpox:route: ['3_0_1', '3_2_1', '4_1_1', '0_2_1', '0_1_1']
INFO:.home.mininet.riplpox.riplpox:route: ['0_1_1', '0_2_1', '4_1_1', '3_2_1', '3_0_1']
INFO:.home.mininet.riplpox.riplpox:route: ['3_0_1', '3_2_1', '4_1_1', '0_2_1', '0_1_1']
INFO:.home.mininet.riplpox.riplpox:route: ['3_0_1', '3_2_1', '4_1_1', '0_2_1', '0_1_1']
INFO:.home.mininet.riplpox.riplpox:route: ['0_1_1', '0_2_1', '4_1_1', '3_2_1', '3_0_1']
INFO:.home.mininet.riplpox.riplpox:route: ['3_0_1', '3_2_1', '4_1_1', '0_2_1', '0_1_1']
INFO:.home.mininet.riplpox.riplpox:route: ['3_1_1', '3_2_1', '4_1_1', '0_2_1', '0_1_1']
INFO:.home.mininet.riplpox.riplpox:route: ['0_1_1', '0_2_1', '4_1_1', '3_2_1', '3_1_1']
INFO:.home.mininet.riplpox.riplpox:route: ['3_1_1', '3_2_1', '4_1_1', '0_2_1', '0_1_1']
INFO:.home.mininet.riplpox.riplpox:route: ['3_1_1', '3_2_1', '4_1_1', '0_2_1', '0_1_1']
INFO:.home.mininet.riplpox.riplpox:route: ['0_1_1', '0_2_1', '4_1_1', '3_2_1', '3_1_1']
INFO:.home.mininet.riplpox.riplpox:route: ['3_1_1', '3_2_1', '4_1_1', '0_2_1', '0_1_1']
INFO:.home.mininet.riplpox.riplpox:route: ['1_0_1', '1_2_1', '4_1_1', '0_2_1', '0_0_1']
INFO:.home.mininet.riplpox.riplpox:route: ['0_0_1', '0_2_1', '4_1_1', '1_2_1', '1_0_1']
INFO:.home.mininet.riplpox.riplpox:route: ['1_0_1', '1_2_1', '4_1_1', '0_2_1', '0_0_1']
INFO:.home.mininet.riplpox.riplpox:route: ['0_0_1', '0_2_1', '4_1_1', '1_2_1', '1_0_1']
INFO:.home.mininet.riplpox.riplpox:route: ['1_0_1', '1_2_1', '4_1_1', '0_2_1', '0_1_1']
INFO:.home.mininet.riplpox.riplpox:route: ['0_1_1', '0_2_1', '4_1_1', '1_2_1', '1_0_1']
INFO:.home.mininet.riplpox.riplpox:route: ['1_0_1', '1_2_1', '4_1_1', '0_2_1', '0_1_1']
INFO:.home.mininet.riplpox.riplpox:route: ['0_1_1', '0_2_1', '4_1_1', '1_2_1', '1_0_1']
INFO:.home.mininet.riplpox.riplpox:route: ['1_0_1']
INFO:.home.mininet.riplpox.riplpox:route: ['1_0_1']
INFO:.home.mininet.riplpox.riplpox:route: ['1_0_1']
INFO:.home.mininet.riplpox.riplpox:route: ['1_1_1', '1_2_1', '1_0_1']
INFO:.home.mininet.riplpox.riplpox:route: ['1_0_1', '1_2_1', '1_1_1']
INFO:.home.mininet.riplpox.riplpox:route: ['1_1_1', '1_2_1', '1_0_1']
INFO:.home.mininet.riplpox.riplpox:route: ['1_1_1', '1_2_1', '1_0_1']
INFO:.home.mininet.riplpox.riplpox:route: ['1_0_1', '1_2_1', '1_1_1']
INFO:.home.mininet.riplpox.riplpox:route: ['1_1_1', '1_2_1', '1_0_1']
INFO:.home.mininet.riplpox.riplpox:route: ['2_0_1', '2_2_1', '4_1_1', '1_2_1', '1_0_1']
INFO:.home.mininet.riplpox.riplpox:route: ['1_0_1', '1_2_1', '4_1_1', '2_2_1', '2_0_1']
INFO:.home.mininet.riplpox.riplpox:route: ['2_0_1', '2_2_1', '4_1_1', '1_2_1', '1_0_1']
INFO:.home.mininet.riplpox.riplpox:route: ['2_0_1', '2_2_1', '4_1_1', '1_2_1', '1_0_1']
INFO:.home.mininet.riplpox.riplpox:route: ['1_0_1', '1_2_1', '4_1_1', '2_2_1', '2_0_1']
INFO:.home.mininet.riplpox.riplpox:route: ['2_0_1', '2_2_1', '4_1_1', '1_2_1', '1_0_1']
INFO:.home.mininet.riplpox.riplpox:route: ['2_1_1', '2_2_1', '4_1_1', '1_2_1', '1_0_1']
INFO:.home.mininet.riplpox.riplpox:route: ['1_0_1', '1_2_1', '4_1_1', '2_2_1', '2_1_1']
INFO:.home.mininet.riplpox.riplpox:route: ['2_1_1', '2_2_1', '4_1_1', '1_2_1', '1_0_1']
INFO:.home.mininet.riplpox.riplpox:route: ['2_1_1', '2_2_1', '4_1_1', '1_2_1', '1_0_1']
INFO:.home.mininet.riplpox.riplpox:route: ['1_0_1', '1_2_1', '4_1_1', '2_2_1', '2_1_1']
INFO:.home.mininet.riplpox.riplpox:route: ['2_1_1', '2_2_1', '4_1_1', '1_2_1', '1_0_1']
INFO:.home.mininet.riplpox.riplpox:route: ['3_0_1', '3_2_1', '4_1_1', '1_2_1', '1_0_1']
INFO:.home.mininet.riplpox.riplpox:route: ['1_0_1', '1_2_1', '4_1_1', '3_2_1', '3_0_1']
INFO:.home.mininet.riplpox.riplpox:route: ['3_0_1', '3_2_1', '4_1_1', '1_2_1', '1_0_1']
INFO:.home.mininet.riplpox.riplpox:route: ['3_1_1', '3_2_1', '4_1_1', '0_2_1', '0_0_1']
INFO:.home.mininet.riplpox.riplpox:route: ['3_0_1', '3_2_1', '4_1_1', '1_2_1', '1_0_1']
INFO:.home.mininet.riplpox.riplpox:route: ['0_0_1', '0_2_1', '4_1_1', '3_2_1', '3_1_1']
INFO:.home.mininet.riplpox.riplpox:route: ['1_0_1', '1_2_1', '4_1_1', '3_2_1', '3_0_1']
INFO:.home.mininet.riplpox.riplpox:route: ['0_1_1', '0_2_1', '0_0_1']
INFO:.home.mininet.riplpox.riplpox:route: ['0_0_1', '0_2_1', '0_1_1']
INFO:.home.mininet.riplpox.riplpox:route: ['3_0_1', '3_2_1', '4_1_1', '1_2_1', '1_0_1']
INFO:.home.mininet.riplpox.riplpox:route: ['0_1_1', '0_2_1', '0_0_1']
INFO:.home.mininet.riplpox.riplpox:route: ['0_0_1', '0_2_1', '0_1_1']
INFO:.home.mininet.riplpox.riplpox:route: ['3_1_1', '3_2_1', '4_1_1', '1_2_1', '1_0_1']
INFO:.home.mininet.riplpox.riplpox:route: ['1_0_1', '1_2_1', '4_1_1', '3_2_1', '3_1_1']
INFO:.home.mininet.riplpox.riplpox:route: ['3_1_1', '3_2_1', '4_1_1', '1_2_1', '1_0_1']
INFO:.home.mininet.riplpox.riplpox:route: ['3_1_1', '3_2_1', '4_1_1', '1_2_1', '1_0_1']
INFO:.home.mininet.riplpox.riplpox:route: ['1_0_1', '1_2_1', '4_1_1', '3_2_1', '3_1_1']
INFO:.home.mininet.riplpox.riplpox:route: ['3_1_1', '3_2_1', '4_1_1', '1_2_1', '1_0_1']
INFO:.home.mininet.riplpox.riplpox:route: ['1_0_1', '1_2_1', '4_1_1', '0_2_1', '0_0_1']
INFO:.home.mininet.riplpox.riplpox:route: ['0_0_1', '0_2_1', '4_1_1', '1_2_1', '1_0_1']
INFO:.home.mininet.riplpox.riplpox:route: ['1_0_1', '1_2_1', '4_1_1', '0_2_1', '0_0_1']
INFO:.home.mininet.riplpox.riplpox:route: ['0_0_1', '0_2_1', '4_1_1', '1_2_1', '1_0_1']
INFO:.home.mininet.riplpox.riplpox:route: ['1_0_1', '1_2_1', '4_1_1', '0_2_1', '0_1_1']
INFO:.home.mininet.riplpox.riplpox:route: ['0_1_1', '0_2_1', '4_1_1', '1_2_1', '1_0_1']
INFO:.home.mininet.riplpox.riplpox:route: ['1_0_1', '1_2_1', '4_1_1', '0_2_1', '0_1_1']
INFO:.home.mininet.riplpox.riplpox:route: ['0_1_1', '0_2_1', '4_1_1', '1_2_1', '1_0_1']
INFO:.home.mininet.riplpox.riplpox:route: ['1_0_1']
INFO:.home.mininet.riplpox.riplpox:route: ['1_0_1']
INFO:.home.mininet.riplpox.riplpox:route: ['1_1_1', '1_2_1', '1_0_1']
INFO:.home.mininet.riplpox.riplpox:route: ['1_0_1', '1_2_1', '1_1_1']
INFO:.home.mininet.riplpox.riplpox:route: ['1_1_1', '1_2_1', '1_0_1']
INFO:.home.mininet.riplpox.riplpox:route: ['1_1_1', '1_2_1', '1_0_1']
INFO:.home.mininet.riplpox.riplpox:route: ['1_0_1', '1_2_1', '1_1_1']
INFO:.home.mininet.riplpox.riplpox:route: ['1_1_1', '1_2_1', '1_0_1']
INFO:.home.mininet.riplpox.riplpox:route: ['2_0_1', '2_2_1', '4_1_1', '1_2_1', '1_0_1']
INFO:.home.mininet.riplpox.riplpox:route: ['1_0_1', '1_2_1', '4_1_1', '2_2_1', '2_0_1']
INFO:.home.mininet.riplpox.riplpox:route: ['2_0_1', '2_2_1', '4_1_1', '1_2_1', '1_0_1']
INFO:.home.mininet.riplpox.riplpox:route: ['2_0_1', '2_2_1', '4_1_1', '1_2_1', '1_0_1']
INFO:.home.mininet.riplpox.riplpox:route: ['1_0_1', '1_2_1', '4_1_1', '2_2_1', '2_0_1']
INFO:.home.mininet.riplpox.riplpox:route: ['2_0_1', '2_2_1', '4_1_1', '1_2_1', '1_0_1']
INFO:.home.mininet.riplpox.riplpox:route: ['2_1_1', '2_2_1', '4_1_1', '1_2_1', '1_0_1']
INFO:.home.mininet.riplpox.riplpox:route: ['1_0_1', '1_2_1', '4_1_1', '2_2_1', '2_1_1']
INFO:.home.mininet.riplpox.riplpox:route: ['2_1_1', '2_2_1', '4_1_1', '1_2_1', '1_0_1']
INFO:.home.mininet.riplpox.riplpox:route: ['2_1_1', '2_2_1', '4_1_1', '1_2_1', '1_0_1']
INFO:.home.mininet.riplpox.riplpox:route: ['1_0_1', '1_2_1', '4_1_1', '2_2_1', '2_1_1']
INFO:.home.mininet.riplpox.riplpox:route: ['2_1_1', '2_2_1', '4_1_1', '1_2_1', '1_0_1']
INFO:.home.mininet.riplpox.riplpox:route: ['3_0_1', '3_2_1', '4_1_1', '1_2_1', '1_0_1']
INFO:.home.mininet.riplpox.riplpox:route: ['1_0_1', '1_2_1', '4_1_1', '3_2_1', '3_0_1']
INFO:.home.mininet.riplpox.riplpox:route: ['3_0_1', '3_2_1', '4_1_1', '1_2_1', '1_0_1']
INFO:.home.mininet.riplpox.riplpox:route: ['3_1_1', '3_2_1', '4_1_1', '0_2_1', '0_1_1']
INFO:.home.mininet.riplpox.riplpox:route: ['0_1_1', '0_2_1', '4_1_1', '3_2_1', '3_1_1']
INFO:.home.mininet.riplpox.riplpox:route: ['3_0_1', '3_2_1', '4_1_1', '1_2_1', '1_0_1']
INFO:.home.mininet.riplpox.riplpox:route: ['0_1_1', '0_2_1', '0_0_1']
INFO:.home.mininet.riplpox.riplpox:route: ['0_0_1', '0_2_1', '0_1_1']
INFO:.home.mininet.riplpox.riplpox:route: ['1_0_1', '1_2_1', '4_1_1', '3_2_1', '3_0_1']
INFO:.home.mininet.riplpox.riplpox:route: ['3_0_1', '3_2_1', '4_1_1', '1_2_1', '1_0_1']
INFO:.home.mininet.riplpox.riplpox:route: ['0_1_1', '0_2_1', '0_0_1']
INFO:.home.mininet.riplpox.riplpox:route: ['0_0_1', '0_2_1', '0_1_1']
INFO:.home.mininet.riplpox.riplpox:route: ['3_1_1', '3_2_1', '4_1_1', '1_2_1', '1_0_1']
INFO:.home.mininet.riplpox.riplpox:route: ['1_0_1', '1_2_1', '4_1_1', '3_2_1', '3_1_1']
INFO:.home.mininet.riplpox.riplpox:route: ['3_1_1', '3_2_1', '4_1_1', '1_2_1', '1_0_1']
INFO:.home.mininet.riplpox.riplpox:route: ['0_1_1']
INFO:.home.mininet.riplpox.riplpox:route: ['0_1_1']
INFO:.home.mininet.riplpox.riplpox:route: ['3_1_1', '3_2_1', '4_1_1', '1_2_1', '1_0_1']
INFO:.home.mininet.riplpox.riplpox:route: ['1_0_1', '1_2_1', '4_1_1', '3_2_1', '3_1_1']
INFO:.home.mininet.riplpox.riplpox:route: ['3_1_1', '3_2_1', '4_1_1', '1_2_1', '1_0_1']
INFO:.home.mininet.riplpox.riplpox:route: ['1_1_1', '1_2_1', '4_1_1', '0_2_1', '0_0_1']
INFO:.home.mininet.riplpox.riplpox:route: ['0_0_1', '0_2_1', '4_1_1', '1_2_1', '1_1_1']
INFO:.home.mininet.riplpox.riplpox:route: ['1_1_1', '1_2_1', '4_1_1', '0_2_1', '0_0_1']
INFO:.home.mininet.riplpox.riplpox:route: ['0_0_1', '0_2_1', '4_1_1', '1_2_1', '1_1_1']
INFO:.home.mininet.riplpox.riplpox:route: ['1_1_1', '1_2_1', '4_1_1', '0_2_1', '0_1_1']
INFO:.home.mininet.riplpox.riplpox:route: ['0_1_1', '0_2_1', '4_1_1', '1_2_1', '1_1_1']
INFO:.home.mininet.riplpox.riplpox:route: ['1_1_1', '1_2_1', '4_1_1', '0_2_1', '0_1_1']
INFO:.home.mininet.riplpox.riplpox:route: ['0_1_1', '0_2_1', '4_1_1', '1_2_1', '1_1_1']
INFO:.home.mininet.riplpox.riplpox:route: ['1_1_1', '1_2_1', '1_0_1']
INFO:.home.mininet.riplpox.riplpox:route: ['1_0_1', '1_2_1', '1_1_1']
INFO:.home.mininet.riplpox.riplpox:route: ['1_1_1', '1_2_1', '1_0_1']
INFO:.home.mininet.riplpox.riplpox:route: ['1_0_1', '1_2_1', '1_1_1']
INFO:.home.mininet.riplpox.riplpox:route: ['1_1_1']
INFO:.home.mininet.riplpox.riplpox:route: ['1_1_1']
INFO:.home.mininet.riplpox.riplpox:route: ['1_1_1']
INFO:.home.mininet.riplpox.riplpox:route: ['2_0_1', '2_2_1', '4_1_1', '1_2_1', '1_1_1']
INFO:.home.mininet.riplpox.riplpox:route: ['1_1_1', '1_2_1', '4_1_1', '2_2_1', '2_0_1']
INFO:.home.mininet.riplpox.riplpox:route: ['2_0_1', '2_2_1', '4_1_1', '1_2_1', '1_1_1']
INFO:.home.mininet.riplpox.riplpox:route: ['2_0_1', '2_2_1', '4_1_1', '1_2_1', '1_1_1']
INFO:.home.mininet.riplpox.riplpox:route: ['1_1_1', '1_2_1', '4_1_1', '2_2_1', '2_0_1']
INFO:.home.mininet.riplpox.riplpox:route: ['2_0_1', '2_2_1', '4_1_1', '1_2_1', '1_1_1']
INFO:.home.mininet.riplpox.riplpox:route: ['2_1_1', '2_2_1', '4_1_1', '1_2_1', '1_1_1']
INFO:.home.mininet.riplpox.riplpox:route: ['1_1_1', '1_2_1', '4_1_1', '2_2_1', '2_1_1']
INFO:.home.mininet.riplpox.riplpox:route: ['2_1_1', '2_2_1', '4_1_1', '1_2_1', '1_1_1']
INFO:.home.mininet.riplpox.riplpox:route: ['2_1_1', '2_2_1', '4_1_1', '1_2_1', '1_1_1']
INFO:.home.mininet.riplpox.riplpox:route: ['1_1_1', '1_2_1', '4_1_1', '2_2_1', '2_1_1']
INFO:.home.mininet.riplpox.riplpox:route: ['2_1_1', '2_2_1', '4_1_1', '1_2_1', '1_1_1']
INFO:.home.mininet.riplpox.riplpox:route: ['3_0_1', '3_2_1', '4_1_1', '1_2_1', '1_1_1']
INFO:.home.mininet.riplpox.riplpox:route: ['1_1_1', '1_2_1', '4_1_1', '3_2_1', '3_0_1']
INFO:.home.mininet.riplpox.riplpox:route: ['3_0_1', '3_2_1', '4_1_1', '1_2_1', '1_1_1']
INFO:.home.mininet.riplpox.riplpox:route: ['3_0_1', '3_2_1', '4_1_1', '1_2_1', '1_1_1']
INFO:.home.mininet.riplpox.riplpox:route: ['1_1_1', '1_2_1', '4_1_1', '3_2_1', '3_0_1']
INFO:.home.mininet.riplpox.riplpox:route: ['3_0_1', '3_2_1', '4_1_1', '1_2_1', '1_1_1']
INFO:.home.mininet.riplpox.riplpox:route: ['3_1_1', '3_2_1', '4_1_1', '1_2_1', '1_1_1']
INFO:.home.mininet.riplpox.riplpox:route: ['1_1_1', '1_2_1', '4_1_1', '3_2_1', '3_1_1']
INFO:.home.mininet.riplpox.riplpox:route: ['3_1_1', '3_2_1', '4_1_1', '1_2_1', '1_1_1']
INFO:.home.mininet.riplpox.riplpox:route: ['3_1_1', '3_2_1', '4_1_1', '1_2_1', '1_1_1']
INFO:.home.mininet.riplpox.riplpox:route: ['1_1_1', '1_2_1', '4_1_1', '3_2_1', '3_1_1']
INFO:.home.mininet.riplpox.riplpox:route: ['3_1_1', '3_2_1', '4_1_1', '1_2_1', '1_1_1']
INFO:.home.mininet.riplpox.riplpox:route: ['3_1_1', '3_2_1', '4_1_1', '0_2_1', '0_1_1']
INFO:.home.mininet.riplpox.riplpox:route: ['1_1_1', '1_2_1', '4_1_1', '0_2_1', '0_0_1']
INFO:.home.mininet.riplpox.riplpox:route: ['0_1_1', '0_2_1', '4_1_1', '3_2_1', '3_1_1']
INFO:.home.mininet.riplpox.riplpox:route: ['0_0_1', '0_2_1', '4_1_1', '1_2_1', '1_1_1']
INFO:.home.mininet.riplpox.riplpox:route: ['1_0_1', '1_2_1', '4_1_1', '0_2_1', '0_0_1']
INFO:.home.mininet.riplpox.riplpox:route: ['1_1_1', '1_2_1', '4_1_1', '0_2_1', '0_0_1']
INFO:.home.mininet.riplpox.riplpox:route: ['1_0_1', '1_2_1', '4_1_1', '0_2_1', '0_0_1']
INFO:.home.mininet.riplpox.riplpox:route: ['0_0_1', '0_2_1', '4_1_1', '1_2_1', '1_0_1']
INFO:.home.mininet.riplpox.riplpox:route: ['0_0_1', '0_2_1', '4_1_1', '1_2_1', '1_1_1']
INFO:.home.mininet.riplpox.riplpox:route: ['0_0_1', '0_2_1', '4_1_1', '1_2_1', '1_0_1']
INFO:.home.mininet.riplpox.riplpox:route: ['1_1_1', '1_2_1', '4_1_1', '0_2_1', '0_1_1']
INFO:.home.mininet.riplpox.riplpox:route: ['1_0_1', '1_2_1', '4_1_1', '0_2_1', '0_1_1']
INFO:.home.mininet.riplpox.riplpox:route: ['0_1_1', '0_2_1', '4_1_1', '1_2_1', '1_1_1']
INFO:.home.mininet.riplpox.riplpox:route: ['1_0_1', '1_2_1', '4_1_1', '0_2_1', '0_1_1']
INFO:.home.mininet.riplpox.riplpox:route: ['1_1_1', '1_2_1', '4_1_1', '0_2_1', '0_1_1']
INFO:.home.mininet.riplpox.riplpox:route: ['0_1_1', '0_2_1', '4_1_1', '1_2_1', '1_1_1']
INFO:.home.mininet.riplpox.riplpox:route: ['0_1_1', '0_2_1', '4_1_1', '1_2_1', '1_0_1']
INFO:.home.mininet.riplpox.riplpox:route: ['0_1_1', '0_2_1', '4_1_1', '1_2_1', '1_0_1']
INFO:.home.mininet.riplpox.riplpox:route: ['1_1_1', '1_2_1', '1_0_1']
INFO:.home.mininet.riplpox.riplpox:route: ['1_0_1', '1_2_1', '1_1_1']
INFO:.home.mininet.riplpox.riplpox:route: ['1_1_1', '1_2_1', '1_0_1']
INFO:.home.mininet.riplpox.riplpox:route: ['1_0_1', '1_2_1', '1_1_1']
INFO:.home.mininet.riplpox.riplpox:route: ['1_1_1']
INFO:.home.mininet.riplpox.riplpox:route: ['1_1_1']
INFO:.home.mininet.riplpox.riplpox:route: ['2_0_1', '2_2_1', '4_1_1', '1_2_1', '1_1_1']
INFO:.home.mininet.riplpox.riplpox:route: ['1_1_1', '1_2_1', '4_1_1', '2_2_1', '2_0_1']
INFO:.home.mininet.riplpox.riplpox:route: ['2_0_1', '2_2_1', '4_1_1', '1_2_1', '1_1_1']
INFO:.home.mininet.riplpox.riplpox:route: ['2_0_1', '2_2_1', '4_1_1', '1_2_1', '1_1_1']
INFO:.home.mininet.riplpox.riplpox:route: ['1_1_1', '1_2_1', '4_1_1', '2_2_1', '2_0_1']
INFO:.home.mininet.riplpox.riplpox:route: ['2_0_1', '2_2_1', '4_1_1', '1_2_1', '1_1_1']
INFO:.home.mininet.riplpox.riplpox:route: ['2_1_1', '2_2_1', '4_1_1', '1_2_1', '1_1_1']
INFO:.home.mininet.riplpox.riplpox:route: ['1_1_1', '1_2_1', '4_1_1', '2_2_1', '2_1_1']
INFO:.home.mininet.riplpox.riplpox:route: ['2_1_1', '2_2_1', '4_1_1', '1_2_1', '1_1_1']
INFO:.home.mininet.riplpox.riplpox:route: ['2_1_1', '2_2_1', '4_1_1', '1_2_1', '1_1_1']
INFO:.home.mininet.riplpox.riplpox:route: ['1_1_1', '1_2_1', '4_1_1', '2_2_1', '2_1_1']
INFO:.home.mininet.riplpox.riplpox:route: ['2_1_1', '2_2_1', '4_1_1', '1_2_1', '1_1_1']
INFO:.home.mininet.riplpox.riplpox:route: ['3_0_1', '3_2_1', '4_1_1', '1_2_1', '1_1_1']
INFO:.home.mininet.riplpox.riplpox:route: ['1_1_1', '1_2_1', '4_1_1', '3_2_1', '3_0_1']
INFO:.home.mininet.riplpox.riplpox:route: ['3_0_1', '3_2_1', '4_1_1', '1_2_1', '1_1_1']
INFO:.home.mininet.riplpox.riplpox:route: ['3_0_1', '3_2_1', '4_1_1', '1_2_1', '1_1_1']
INFO:.home.mininet.riplpox.riplpox:route: ['1_1_1', '1_2_1', '4_1_1', '3_2_1', '3_0_1']
INFO:.home.mininet.riplpox.riplpox:route: ['3_0_1', '3_2_1', '4_1_1', '1_2_1', '1_1_1']
INFO:.home.mininet.riplpox.riplpox:route: ['3_1_1', '3_2_1', '4_1_1', '1_2_1', '1_1_1']
INFO:.home.mininet.riplpox.riplpox:route: ['1_1_1', '1_2_1', '4_1_1', '3_2_1', '3_1_1']
INFO:.home.mininet.riplpox.riplpox:route: ['3_1_1', '3_2_1', '4_1_1', '1_2_1', '1_1_1']
INFO:.home.mininet.riplpox.riplpox:route: ['3_1_1', '3_2_1', '4_1_1', '1_2_1', '1_1_1']
INFO:.home.mininet.riplpox.riplpox:route: ['1_1_1', '1_2_1', '4_1_1', '3_2_1', '3_1_1']
INFO:.home.mininet.riplpox.riplpox:route: ['3_1_1', '3_2_1', '4_1_1', '1_2_1', '1_1_1']
INFO:.home.mininet.riplpox.riplpox:route: ['2_0_1', '2_2_1', '4_1_1', '0_2_1', '0_0_1']
INFO:.home.mininet.riplpox.riplpox:route: ['0_0_1', '0_2_1', '4_1_1', '2_2_1', '2_0_1']
INFO:.home.mininet.riplpox.riplpox:route: ['2_0_1', '2_2_1', '4_1_1', '0_2_1', '0_0_1']
INFO:.home.mininet.riplpox.riplpox:route: ['0_0_1', '0_2_1', '4_1_1', '2_2_1', '2_0_1']
INFO:.home.mininet.riplpox.riplpox:route: ['2_0_1', '2_2_1', '4_1_1', '0_2_1', '0_1_1']
INFO:.home.mininet.riplpox.riplpox:route: ['0_1_1', '0_2_1', '4_1_1', '2_2_1', '2_0_1']
INFO:.home.mininet.riplpox.riplpox:route: ['2_0_1', '2_2_1', '4_1_1', '0_2_1', '0_1_1']
INFO:.home.mininet.riplpox.riplpox:route: ['0_1_1', '0_2_1', '4_1_1', '2_2_1', '2_0_1']
INFO:.home.mininet.riplpox.riplpox:route: ['2_0_1', '2_2_1', '4_1_1', '1_2_1', '1_0_1']
INFO:.home.mininet.riplpox.riplpox:route: ['1_0_1', '1_2_1', '4_1_1', '2_2_1', '2_0_1']
INFO:.home.mininet.riplpox.riplpox:route: ['3_1_1', '3_2_1', '4_1_1', '1_2_1', '1_0_1']
INFO:.home.mininet.riplpox.riplpox:route: ['2_0_1', '2_2_1', '4_1_1', '1_2_1', '1_0_1']
INFO:.home.mininet.riplpox.riplpox:route: ['1_0_1', '1_2_1', '4_1_1', '2_2_1', '2_0_1']
INFO:.home.mininet.riplpox.riplpox:route: ['1_0_1', '1_2_1', '4_1_1', '3_2_1', '3_1_1']
INFO:.home.mininet.riplpox.riplpox:route: ['1_0_1', '1_2_1', '4_1_1', '0_2_1', '0_0_1']
INFO:.home.mininet.riplpox.riplpox:route: ['0_0_1', '0_2_1', '4_1_1', '1_2_1', '1_0_1']
INFO:.home.mininet.riplpox.riplpox:route: ['2_0_1', '2_2_1', '4_1_1', '1_2_1', '1_1_1']
INFO:.home.mininet.riplpox.riplpox:route: ['1_1_1', '1_2_1', '4_1_1', '2_2_1', '2_0_1']
INFO:.home.mininet.riplpox.riplpox:route: ['2_0_1', '2_2_1', '4_1_1', '1_2_1', '1_1_1']
INFO:.home.mininet.riplpox.riplpox:route: ['1_0_1', '1_2_1', '4_1_1', '0_2_1', '0_0_1']
INFO:.home.mininet.riplpox.riplpox:route: ['0_0_1', '0_2_1', '4_1_1', '1_2_1', '1_0_1']
INFO:.home.mininet.riplpox.riplpox:route: ['1_1_1', '1_2_1', '4_1_1', '2_2_1', '2_0_1']
INFO:.home.mininet.riplpox.riplpox:route: ['2_0_1']
INFO:.home.mininet.riplpox.riplpox:route: ['1_0_1', '1_2_1', '4_1_1', '0_2_1', '0_1_1']
INFO:.home.mininet.riplpox.riplpox:route: ['0_1_1', '0_2_1', '4_1_1', '1_2_1', '1_0_1']
INFO:.home.mininet.riplpox.riplpox:route: ['2_0_1']
INFO:.home.mininet.riplpox.riplpox:route: ['1_0_1', '1_2_1', '4_1_1', '0_2_1', '0_1_1']
INFO:.home.mininet.riplpox.riplpox:route: ['2_0_1']
INFO:.home.mininet.riplpox.riplpox:route: ['0_1_1', '0_2_1', '4_1_1', '1_2_1', '1_0_1']
INFO:.home.mininet.riplpox.riplpox:route: ['1_0_1']
INFO:.home.mininet.riplpox.riplpox:route: ['2_1_1', '2_2_1', '2_0_1']
INFO:.home.mininet.riplpox.riplpox:route: ['1_0_1']
INFO:.home.mininet.riplpox.riplpox:route: ['2_0_1', '2_2_1', '2_1_1']
INFO:.home.mininet.riplpox.riplpox:route: ['2_1_1', '2_2_1', '2_0_1']
INFO:.home.mininet.riplpox.riplpox:route: ['2_1_1', '2_2_1', '2_0_1']
INFO:.home.mininet.riplpox.riplpox:route: ['2_0_1', '2_2_1', '2_1_1']
INFO:.home.mininet.riplpox.riplpox:route: ['2_1_1', '2_2_1', '2_0_1']
INFO:.home.mininet.riplpox.riplpox:route: ['3_0_1', '3_2_1', '4_1_1', '2_2_1', '2_0_1']
INFO:.home.mininet.riplpox.riplpox:route: ['2_0_1', '2_2_1', '4_1_1', '3_2_1', '3_0_1']
INFO:.home.mininet.riplpox.riplpox:route: ['3_0_1', '3_2_1', '4_1_1', '2_2_1', '2_0_1']
INFO:.home.mininet.riplpox.riplpox:route: ['3_0_1', '3_2_1', '4_1_1', '2_2_1', '2_0_1']
INFO:.home.mininet.riplpox.riplpox:route: ['2_0_1', '2_2_1', '4_1_1', '3_2_1', '3_0_1']
INFO:.home.mininet.riplpox.riplpox:route: ['3_0_1', '3_2_1', '4_1_1', '2_2_1', '2_0_1']
INFO:.home.mininet.riplpox.riplpox:route: ['3_1_1', '3_2_1', '4_1_1', '2_2_1', '2_0_1']
INFO:.home.mininet.riplpox.riplpox:route: ['2_0_1', '2_2_1', '4_1_1', '3_2_1', '3_1_1']
INFO:.home.mininet.riplpox.riplpox:route: ['3_1_1', '3_2_1', '4_1_1', '2_2_1', '2_0_1']
INFO:.home.mininet.riplpox.riplpox:route: ['3_1_1', '3_2_1', '4_1_1', '2_2_1', '2_0_1']
INFO:.home.mininet.riplpox.riplpox:route: ['2_0_1', '2_2_1', '4_1_1', '3_2_1', '3_1_1']
INFO:.home.mininet.riplpox.riplpox:route: ['3_1_1', '3_2_1', '4_1_1', '2_2_1', '2_0_1']
INFO:.home.mininet.riplpox.riplpox:route: ['2_0_1', '2_2_1', '4_1_1', '0_2_1', '0_0_1']
INFO:.home.mininet.riplpox.riplpox:route: ['0_0_1', '0_2_1', '4_1_1', '2_2_1', '2_0_1']
INFO:.home.mininet.riplpox.riplpox:route: ['2_0_1', '2_2_1', '4_1_1', '0_2_1', '0_0_1']
INFO:.home.mininet.riplpox.riplpox:route: ['0_0_1', '0_2_1', '4_1_1', '2_2_1', '2_0_1']
INFO:.home.mininet.riplpox.riplpox:route: ['2_0_1', '2_2_1', '4_1_1', '0_2_1', '0_1_1']
INFO:.home.mininet.riplpox.riplpox:route: ['0_1_1', '0_2_1', '4_1_1', '2_2_1', '2_0_1']
INFO:.home.mininet.riplpox.riplpox:route: ['2_0_1', '2_2_1', '4_1_1', '0_2_1', '0_1_1']
INFO:.home.mininet.riplpox.riplpox:route: ['0_1_1', '0_2_1', '4_1_1', '2_2_1', '2_0_1']
INFO:.home.mininet.riplpox.riplpox:route: ['2_0_1', '2_2_1', '4_1_1', '1_2_1', '1_0_1']
INFO:.home.mininet.riplpox.riplpox:route: ['1_0_1', '1_2_1', '4_1_1', '2_2_1', '2_0_1']
INFO:.home.mininet.riplpox.riplpox:route: ['2_0_1', '2_2_1', '4_1_1', '1_2_1', '1_0_1']
INFO:.home.mininet.riplpox.riplpox:route: ['1_0_1', '1_2_1', '4_1_1', '2_2_1', '2_0_1']
INFO:.home.mininet.riplpox.riplpox:route: ['2_0_1', '2_2_1', '4_1_1', '1_2_1', '1_1_1']
INFO:.home.mininet.riplpox.riplpox:route: ['1_1_1', '1_2_1', '4_1_1', '2_2_1', '2_0_1']
INFO:.home.mininet.riplpox.riplpox:route: ['2_0_1', '2_2_1', '4_1_1', '1_2_1', '1_1_1']
INFO:.home.mininet.riplpox.riplpox:route: ['1_1_1', '1_2_1', '4_1_1', '2_2_1', '2_0_1']
INFO:.home.mininet.riplpox.riplpox:route: ['2_0_1']
INFO:.home.mininet.riplpox.riplpox:route: ['2_0_1']
INFO:.home.mininet.riplpox.riplpox:route: ['3_1_1', '3_2_1', '4_1_1', '1_2_1', '1_0_1']
INFO:.home.mininet.riplpox.riplpox:route: ['1_0_1', '1_2_1', '4_1_1', '3_2_1', '3_1_1']
INFO:.home.mininet.riplpox.riplpox:route: ['2_1_1', '2_2_1', '2_0_1']
INFO:.home.mininet.riplpox.riplpox:route: ['1_1_1', '1_2_1', '4_1_1', '0_2_1', '0_0_1']
INFO:.home.mininet.riplpox.riplpox:route: ['0_0_1', '0_2_1', '4_1_1', '1_2_1', '1_1_1']
INFO:.home.mininet.riplpox.riplpox:route: ['2_0_1', '2_2_1', '2_1_1']
INFO:.home.mininet.riplpox.riplpox:route: ['1_1_1', '1_2_1', '4_1_1', '0_2_1', '0_0_1']
INFO:.home.mininet.riplpox.riplpox:route: ['2_1_1', '2_2_1', '2_0_1']
INFO:.home.mininet.riplpox.riplpox:route: ['0_0_1', '0_2_1', '4_1_1', '1_2_1', '1_1_1']
INFO:.home.mininet.riplpox.riplpox:route: ['2_1_1', '2_2_1', '2_0_1']
INFO:.home.mininet.riplpox.riplpox:route: ['1_1_1', '1_2_1', '4_1_1', '0_2_1', '0_1_1']
INFO:.home.mininet.riplpox.riplpox:route: ['0_1_1', '0_2_1', '4_1_1', '1_2_1', '1_1_1']
INFO:.home.mininet.riplpox.riplpox:route: ['2_0_1', '2_2_1', '2_1_1']
INFO:.home.mininet.riplpox.riplpox:route: ['2_1_1', '2_2_1', '2_0_1']
INFO:.home.mininet.riplpox.riplpox:route: ['1_1_1', '1_2_1', '4_1_1', '0_2_1', '0_1_1']
INFO:.home.mininet.riplpox.riplpox:route: ['0_1_1', '0_2_1', '4_1_1', '1_2_1', '1_1_1']
INFO:.home.mininet.riplpox.riplpox:route: ['3_0_1', '3_2_1', '4_1_1', '2_2_1', '2_0_1']
INFO:.home.mininet.riplpox.riplpox:route: ['2_0_1', '2_2_1', '4_1_1', '3_2_1', '3_0_1']
INFO:.home.mininet.riplpox.riplpox:route: ['1_1_1', '1_2_1', '1_0_1']
INFO:.home.mininet.riplpox.riplpox:route: ['1_0_1', '1_2_1', '1_1_1']
INFO:.home.mininet.riplpox.riplpox:route: ['3_0_1', '3_2_1', '4_1_1', '2_2_1', '2_0_1']
INFO:.home.mininet.riplpox.riplpox:route: ['1_1_1', '1_2_1', '1_0_1']
INFO:.home.mininet.riplpox.riplpox:route: ['1_0_1', '1_2_1', '1_1_1']
INFO:.home.mininet.riplpox.riplpox:route: ['3_0_1', '3_2_1', '4_1_1', '2_2_1', '2_0_1']
INFO:.home.mininet.riplpox.riplpox:route: ['2_0_1', '2_2_1', '4_1_1', '3_2_1', '3_0_1']
INFO:.home.mininet.riplpox.riplpox:route: ['3_0_1', '3_2_1', '4_1_1', '2_2_1', '2_0_1']
INFO:.home.mininet.riplpox.riplpox:route: ['3_1_1', '3_2_1', '4_1_1', '2_2_1', '2_0_1']
INFO:.home.mininet.riplpox.riplpox:route: ['2_0_1', '2_2_1', '4_1_1', '3_2_1', '3_1_1']
INFO:.home.mininet.riplpox.riplpox:route: ['3_1_1', '3_2_1', '4_1_1', '2_2_1', '2_0_1']
INFO:.home.mininet.riplpox.riplpox:route: ['3_1_1', '3_2_1', '4_1_1', '2_2_1', '2_0_1']
INFO:.home.mininet.riplpox.riplpox:route: ['2_0_1', '2_2_1', '4_1_1', '3_2_1', '3_1_1']
INFO:.home.mininet.riplpox.riplpox:route: ['3_1_1', '3_2_1', '4_1_1', '2_2_1', '2_0_1']
INFO:.home.mininet.riplpox.riplpox:route: ['2_1_1', '2_2_1', '4_1_1', '0_2_1', '0_0_1']
INFO:.home.mininet.riplpox.riplpox:route: ['0_0_1', '0_2_1', '4_1_1', '2_2_1', '2_1_1']
INFO:.home.mininet.riplpox.riplpox:route: ['2_1_1', '2_2_1', '4_1_1', '0_2_1', '0_0_1']
INFO:.home.mininet.riplpox.riplpox:route: ['0_0_1', '0_2_1', '4_1_1', '2_2_1', '2_1_1']
INFO:.home.mininet.riplpox.riplpox:route: ['2_1_1', '2_2_1', '4_1_1', '0_2_1', '0_1_1']
INFO:.home.mininet.riplpox.riplpox:route: ['0_1_1', '0_2_1', '4_1_1', '2_2_1', '2_1_1']
INFO:.home.mininet.riplpox.riplpox:route: ['2_1_1', '2_2_1', '4_1_1', '0_2_1', '0_1_1']
INFO:.home.mininet.riplpox.riplpox:route: ['0_1_1', '0_2_1', '4_1_1', '2_2_1', '2_1_1']
INFO:.home.mininet.riplpox.riplpox:route: ['2_1_1', '2_2_1', '4_1_1', '1_2_1', '1_0_1']
INFO:.home.mininet.riplpox.riplpox:route: ['1_0_1', '1_2_1', '4_1_1', '2_2_1', '2_1_1']
INFO:.home.mininet.riplpox.riplpox:route: ['2_1_1', '2_2_1', '4_1_1', '1_2_1', '1_0_1']
INFO:.home.mininet.riplpox.riplpox:route: ['1_0_1', '1_2_1', '4_1_1', '2_2_1', '2_1_1']
INFO:.home.mininet.riplpox.riplpox:route: ['2_1_1', '2_2_1', '4_1_1', '1_2_1', '1_1_1']
INFO:.home.mininet.riplpox.riplpox:route: ['1_1_1', '1_2_1', '4_1_1', '2_2_1', '2_1_1']
INFO:.home.mininet.riplpox.riplpox:route: ['2_1_1', '2_2_1', '4_1_1', '1_2_1', '1_1_1']
INFO:.home.mininet.riplpox.riplpox:route: ['1_1_1', '1_2_1', '4_1_1', '2_2_1', '2_1_1']
INFO:.home.mininet.riplpox.riplpox:route: ['2_1_1', '2_2_1', '2_0_1']
INFO:.home.mininet.riplpox.riplpox:route: ['2_0_1', '2_2_1', '2_1_1']
INFO:.home.mininet.riplpox.riplpox:route: ['2_1_1', '2_2_1', '2_0_1']
INFO:.home.mininet.riplpox.riplpox:route: ['2_0_1', '2_2_1', '2_1_1']
INFO:.home.mininet.riplpox.riplpox:route: ['2_1_1']
INFO:.home.mininet.riplpox.riplpox:route: ['2_1_1']
INFO:.home.mininet.riplpox.riplpox:route: ['2_1_1']
INFO:.home.mininet.riplpox.riplpox:route: ['3_0_1', '3_2_1', '4_1_1', '2_2_1', '2_1_1']
INFO:.home.mininet.riplpox.riplpox:route: ['3_1_1', '3_2_1', '4_1_1', '1_2_1', '1_1_1']
INFO:.home.mininet.riplpox.riplpox:route: ['1_1_1', '1_2_1', '4_1_1', '3_2_1', '3_1_1']
INFO:.home.mininet.riplpox.riplpox:route: ['2_1_1', '2_2_1', '4_1_1', '3_2_1', '3_0_1']
INFO:.home.mininet.riplpox.riplpox:route: ['3_0_1', '3_2_1', '4_1_1', '2_2_1', '2_1_1']
INFO:.home.mininet.riplpox.riplpox:route: ['1_1_1', '1_2_1', '4_1_1', '0_2_1', '0_0_1']
INFO:.home.mininet.riplpox.riplpox:route: ['0_0_1', '0_2_1', '4_1_1', '1_2_1', '1_1_1']
INFO:.home.mininet.riplpox.riplpox:route: ['1_1_1', '1_2_1', '4_1_1', '0_2_1', '0_0_1']
INFO:.home.mininet.riplpox.riplpox:route: ['0_0_1', '0_2_1', '4_1_1', '1_2_1', '1_1_1']
INFO:.home.mininet.riplpox.riplpox:route: ['3_0_1', '3_2_1', '4_1_1', '2_2_1', '2_1_1']
INFO:.home.mininet.riplpox.riplpox:route: ['2_1_1', '2_2_1', '4_1_1', '3_2_1', '3_0_1']
INFO:.home.mininet.riplpox.riplpox:route: ['3_0_1', '3_2_1', '4_1_1', '2_2_1', '2_1_1']
INFO:.home.mininet.riplpox.riplpox:route: ['1_1_1', '1_2_1', '4_1_1', '0_2_1', '0_1_1']
INFO:.home.mininet.riplpox.riplpox:route: ['0_1_1', '0_2_1', '4_1_1', '1_2_1', '1_1_1']
INFO:.home.mininet.riplpox.riplpox:route: ['1_1_1', '1_2_1', '4_1_1', '0_2_1', '0_1_1']
INFO:.home.mininet.riplpox.riplpox:route: ['3_1_1', '3_2_1', '4_1_1', '2_2_1', '2_1_1']
INFO:.home.mininet.riplpox.riplpox:route: ['0_1_1', '0_2_1', '4_1_1', '1_2_1', '1_1_1']
INFO:.home.mininet.riplpox.riplpox:route: ['1_1_1', '1_2_1', '1_0_1']
INFO:.home.mininet.riplpox.riplpox:route: ['2_1_1', '2_2_1', '4_1_1', '3_2_1', '3_1_1']
INFO:.home.mininet.riplpox.riplpox:route: ['1_0_1', '1_2_1', '1_1_1']
INFO:.home.mininet.riplpox.riplpox:route: ['3_1_1', '3_2_1', '4_1_1', '2_2_1', '2_1_1']
INFO:.home.mininet.riplpox.riplpox:route: ['3_1_1', '3_2_1', '4_1_1', '2_2_1', '2_1_1']
INFO:.home.mininet.riplpox.riplpox:route: ['1_1_1', '1_2_1', '1_0_1']
INFO:.home.mininet.riplpox.riplpox:route: ['1_0_1', '1_2_1', '1_1_1']
INFO:.home.mininet.riplpox.riplpox:route: ['2_1_1', '2_2_1', '4_1_1', '3_2_1', '3_1_1']
INFO:.home.mininet.riplpox.riplpox:route: ['3_1_1', '3_2_1', '4_1_1', '2_2_1', '2_1_1']
INFO:.home.mininet.riplpox.riplpox:route: ['1_1_1']
INFO:.home.mininet.riplpox.riplpox:route: ['2_1_1', '2_2_1', '4_1_1', '0_2_1', '0_0_1']
INFO:.home.mininet.riplpox.riplpox:route: ['0_0_1', '0_2_1', '4_1_1', '2_2_1', '2_1_1']
INFO:.home.mininet.riplpox.riplpox:route: ['1_1_1']
INFO:.home.mininet.riplpox.riplpox:route: ['2_1_1', '2_2_1', '4_1_1', '0_2_1', '0_0_1']
INFO:.home.mininet.riplpox.riplpox:route: ['0_0_1', '0_2_1', '4_1_1', '2_2_1', '2_1_1']
INFO:.home.mininet.riplpox.riplpox:route: ['2_1_1', '2_2_1', '4_1_1', '0_2_1', '0_1_1']
INFO:.home.mininet.riplpox.riplpox:route: ['0_1_1', '0_2_1', '4_1_1', '2_2_1', '2_1_1']
INFO:.home.mininet.riplpox.riplpox:route: ['2_1_1', '2_2_1', '4_1_1', '0_2_1', '0_1_1']
INFO:.home.mininet.riplpox.riplpox:route: ['0_1_1', '0_2_1', '4_1_1', '2_2_1', '2_1_1']
INFO:.home.mininet.riplpox.riplpox:route: ['2_1_1', '2_2_1', '4_1_1', '1_2_1', '1_0_1']
INFO:.home.mininet.riplpox.riplpox:route: ['1_0_1', '1_2_1', '4_1_1', '2_2_1', '2_1_1']
INFO:.home.mininet.riplpox.riplpox:route: ['2_1_1', '2_2_1', '4_1_1', '1_2_1', '1_0_1']
INFO:.home.mininet.riplpox.riplpox:route: ['1_0_1', '1_2_1', '4_1_1', '2_2_1', '2_1_1']
INFO:.home.mininet.riplpox.riplpox:route: ['2_1_1', '2_2_1', '4_1_1', '1_2_1', '1_1_1']
INFO:.home.mininet.riplpox.riplpox:route: ['1_1_1', '1_2_1', '4_1_1', '2_2_1', '2_1_1']
INFO:.home.mininet.riplpox.riplpox:route: ['2_1_1', '2_2_1', '4_1_1', '1_2_1', '1_1_1']
INFO:.home.mininet.riplpox.riplpox:route: ['1_1_1', '1_2_1', '4_1_1', '2_2_1', '2_1_1']
INFO:.home.mininet.riplpox.riplpox:route: ['2_1_1', '2_2_1', '2_0_1']
INFO:.home.mininet.riplpox.riplpox:route: ['2_0_1', '2_2_1', '2_1_1']
INFO:.home.mininet.riplpox.riplpox:route: ['2_1_1', '2_2_1', '2_0_1']
INFO:.home.mininet.riplpox.riplpox:route: ['2_0_1', '2_2_1', '2_1_1']
INFO:.home.mininet.riplpox.riplpox:route: ['2_1_1']
INFO:.home.mininet.riplpox.riplpox:route: ['2_1_1']
INFO:.home.mininet.riplpox.riplpox:route: ['3_0_1', '3_2_1', '4_1_1', '2_2_1', '2_1_1']
INFO:.home.mininet.riplpox.riplpox:route: ['2_1_1', '2_2_1', '4_1_1', '3_2_1', '3_0_1']
INFO:.home.mininet.riplpox.riplpox:route: ['3_0_1', '3_2_1', '4_1_1', '2_2_1', '2_1_1']
INFO:.home.mininet.riplpox.riplpox:route: ['3_0_1', '3_2_1', '4_1_1', '2_2_1', '2_1_1']
INFO:.home.mininet.riplpox.riplpox:route: ['2_1_1', '2_2_1', '4_1_1', '3_2_1', '3_0_1']
INFO:.home.mininet.riplpox.riplpox:route: ['3_0_1', '3_2_1', '4_1_1', '2_2_1', '2_1_1']
INFO:.home.mininet.riplpox.riplpox:route: ['3_1_1', '3_2_1', '4_1_1', '2_2_1', '2_1_1']
INFO:.home.mininet.riplpox.riplpox:route: ['3_1_1', '3_2_1', '4_1_1', '1_2_1', '1_1_1']
INFO:.home.mininet.riplpox.riplpox:route: ['1_1_1', '1_2_1', '4_1_1', '3_2_1', '3_1_1']
INFO:.home.mininet.riplpox.riplpox:route: ['2_0_1', '2_2_1', '4_1_1', '0_2_1', '0_0_1']
INFO:.home.mininet.riplpox.riplpox:route: ['0_0_1', '0_2_1', '4_1_1', '2_2_1', '2_0_1']
INFO:.home.mininet.riplpox.riplpox:route: ['2_1_1', '2_2_1', '4_1_1', '3_2_1', '3_1_1']
INFO:.home.mininet.riplpox.riplpox:route: ['3_1_1', '3_2_1', '4_1_1', '2_2_1', '2_1_1']
INFO:.home.mininet.riplpox.riplpox:route: ['2_0_1', '2_2_1', '4_1_1', '0_2_1', '0_0_1']
INFO:.home.mininet.riplpox.riplpox:route: ['0_0_1', '0_2_1', '4_1_1', '2_2_1', '2_0_1']
INFO:.home.mininet.riplpox.riplpox:route: ['3_1_1', '3_2_1', '4_1_1', '2_2_1', '2_1_1']
INFO:.home.mininet.riplpox.riplpox:route: ['2_0_1', '2_2_1', '4_1_1', '0_2_1', '0_1_1']
INFO:.home.mininet.riplpox.riplpox:route: ['0_1_1', '0_2_1', '4_1_1', '2_2_1', '2_0_1']
INFO:.home.mininet.riplpox.riplpox:route: ['2_0_1', '2_2_1', '4_1_1', '0_2_1', '0_1_1']
INFO:.home.mininet.riplpox.riplpox:route: ['2_1_1', '2_2_1', '4_1_1', '3_2_1', '3_1_1']
INFO:.home.mininet.riplpox.riplpox:route: ['0_1_1', '0_2_1', '4_1_1', '2_2_1', '2_0_1']
INFO:.home.mininet.riplpox.riplpox:route: ['3_1_1', '3_2_1', '4_1_1', '2_2_1', '2_1_1']
INFO:.home.mininet.riplpox.riplpox:route: ['3_0_1', '3_2_1', '4_1_1', '0_2_1', '0_0_1']
INFO:.home.mininet.riplpox.riplpox:route: ['0_0_1', '0_2_1', '4_1_1', '3_2_1', '3_0_1']
INFO:.home.mininet.riplpox.riplpox:route: ['3_0_1', '3_2_1', '4_1_1', '0_2_1', '0_0_1']
INFO:.home.mininet.riplpox.riplpox:route: ['2_0_1', '2_2_1', '4_1_1', '1_2_1', '1_0_1']
INFO:.home.mininet.riplpox.riplpox:route: ['0_0_1', '0_2_1', '4_1_1', '3_2_1', '3_0_1']
INFO:.home.mininet.riplpox.riplpox:route: ['1_0_1', '1_2_1', '4_1_1', '2_2_1', '2_0_1']
INFO:.home.mininet.riplpox.riplpox:route: ['3_0_1', '3_2_1', '4_1_1', '0_2_1', '0_1_1']
INFO:.home.mininet.riplpox.riplpox:route: ['0_1_1', '0_2_1', '4_1_1', '3_2_1', '3_0_1']
INFO:.home.mininet.riplpox.riplpox:route: ['3_0_1', '3_2_1', '4_1_1', '0_2_1', '0_1_1']
INFO:.home.mininet.riplpox.riplpox:route: ['2_0_1', '2_2_1', '4_1_1', '1_2_1', '1_0_1']
INFO:.home.mininet.riplpox.riplpox:route: ['0_1_1', '0_2_1', '4_1_1', '3_2_1', '3_0_1']
INFO:.home.mininet.riplpox.riplpox:route: ['1_0_1', '1_2_1', '4_1_1', '2_2_1', '2_0_1']
INFO:.home.mininet.riplpox.riplpox:route: ['2_0_1', '2_2_1', '4_1_1', '1_2_1', '1_1_1']
INFO:.home.mininet.riplpox.riplpox:route: ['3_0_1', '3_2_1', '4_1_1', '1_2_1', '1_0_1']
INFO:.home.mininet.riplpox.riplpox:route: ['1_0_1', '1_2_1', '4_1_1', '3_2_1', '3_0_1']
INFO:.home.mininet.riplpox.riplpox:route: ['1_1_1', '1_2_1', '4_1_1', '2_2_1', '2_0_1']
INFO:.home.mininet.riplpox.riplpox:route: ['2_0_1', '2_2_1', '4_1_1', '1_2_1', '1_1_1']
INFO:.home.mininet.riplpox.riplpox:route: ['3_0_1', '3_2_1', '4_1_1', '1_2_1', '1_0_1']
INFO:.home.mininet.riplpox.riplpox:route: ['1_1_1', '1_2_1', '4_1_1', '2_2_1', '2_0_1']
INFO:.home.mininet.riplpox.riplpox:route: ['1_0_1', '1_2_1', '4_1_1', '3_2_1', '3_0_1']
INFO:.home.mininet.riplpox.riplpox:route: ['3_0_1', '3_2_1', '4_1_1', '1_2_1', '1_1_1']
INFO:.home.mininet.riplpox.riplpox:route: ['1_1_1', '1_2_1', '4_1_1', '3_2_1', '3_0_1']
INFO:.home.mininet.riplpox.riplpox:route: ['3_0_1', '3_2_1', '4_1_1', '1_2_1', '1_1_1']
INFO:.home.mininet.riplpox.riplpox:route: ['1_1_1', '1_2_1', '4_1_1', '3_2_1', '3_0_1']
INFO:.home.mininet.riplpox.riplpox:route: ['3_0_1', '3_2_1', '4_1_1', '2_2_1', '2_0_1']
INFO:.home.mininet.riplpox.riplpox:route: ['2_0_1', '2_2_1', '4_1_1', '3_2_1', '3_0_1']
INFO:.home.mininet.riplpox.riplpox:route: ['3_0_1', '3_2_1', '4_1_1', '2_2_1', '2_0_1']
INFO:.home.mininet.riplpox.riplpox:route: ['2_0_1', '2_2_1', '4_1_1', '3_2_1', '3_0_1']
INFO:.home.mininet.riplpox.riplpox:route: ['3_0_1', '3_2_1', '4_1_1', '2_2_1', '2_1_1']
INFO:.home.mininet.riplpox.riplpox:route: ['2_1_1', '2_2_1', '4_1_1', '3_2_1', '3_0_1']
INFO:.home.mininet.riplpox.riplpox:route: ['3_0_1', '3_2_1', '4_1_1', '2_2_1', '2_1_1']
INFO:.home.mininet.riplpox.riplpox:route: ['2_1_1', '2_2_1', '4_1_1', '3_2_1', '3_0_1']
INFO:.home.mininet.riplpox.riplpox:route: ['3_0_1']
INFO:.home.mininet.riplpox.riplpox:route: ['3_0_1']
INFO:.home.mininet.riplpox.riplpox:route: ['3_0_1']
INFO:.home.mininet.riplpox.riplpox:route: ['3_1_1', '3_2_1', '3_0_1']
INFO:.home.mininet.riplpox.riplpox:route: ['3_0_1', '3_2_1', '3_1_1']
INFO:.home.mininet.riplpox.riplpox:route: ['3_1_1', '3_2_1', '3_0_1']
INFO:.home.mininet.riplpox.riplpox:route: ['3_1_1', '3_2_1', '3_0_1']
INFO:.home.mininet.riplpox.riplpox:route: ['3_0_1', '3_2_1', '3_1_1']
INFO:.home.mininet.riplpox.riplpox:route: ['3_1_1', '3_2_1', '3_0_1']
INFO:.home.mininet.riplpox.riplpox:route: ['3_0_1', '3_2_1', '4_1_1', '0_2_1', '0_0_1']
INFO:.home.mininet.riplpox.riplpox:route: ['0_0_1', '0_2_1', '4_1_1', '3_2_1', '3_0_1']
INFO:.home.mininet.riplpox.riplpox:route: ['3_1_1', '3_2_1', '4_1_1', '2_2_1', '2_0_1']
INFO:.home.mininet.riplpox.riplpox:route: ['3_0_1', '3_2_1', '4_1_1', '0_2_1', '0_0_1']
INFO:.home.mininet.riplpox.riplpox:route: ['0_0_1', '0_2_1', '4_1_1', '3_2_1', '3_0_1']
INFO:.home.mininet.riplpox.riplpox:route: ['2_0_1', '2_2_1', '4_1_1', '3_2_1', '3_1_1']
INFO:.home.mininet.riplpox.riplpox:route: ['2_0_1', '2_2_1', '4_1_1', '0_2_1', '0_0_1']
INFO:.home.mininet.riplpox.riplpox:route: ['3_0_1', '3_2_1', '4_1_1', '0_2_1', '0_1_1']
INFO:.home.mininet.riplpox.riplpox:route: ['0_0_1', '0_2_1', '4_1_1', '2_2_1', '2_0_1']
INFO:.home.mininet.riplpox.riplpox:route: ['0_1_1', '0_2_1', '4_1_1', '3_2_1', '3_0_1']
INFO:.home.mininet.riplpox.riplpox:route: ['3_0_1', '3_2_1', '4_1_1', '0_2_1', '0_1_1']
INFO:.home.mininet.riplpox.riplpox:route: ['2_0_1', '2_2_1', '4_1_1', '0_2_1', '0_0_1']
INFO:.home.mininet.riplpox.riplpox:route: ['0_0_1', '0_2_1', '4_1_1', '2_2_1', '2_0_1']
INFO:.home.mininet.riplpox.riplpox:route: ['0_1_1', '0_2_1', '4_1_1', '3_2_1', '3_0_1']
INFO:.home.mininet.riplpox.riplpox:route: ['2_0_1', '2_2_1', '4_1_1', '0_2_1', '0_1_1']
INFO:.home.mininet.riplpox.riplpox:route: ['0_1_1', '0_2_1', '4_1_1', '2_2_1', '2_0_1']
INFO:.home.mininet.riplpox.riplpox:route: ['3_0_1', '3_2_1', '4_1_1', '1_2_1', '1_0_1']
INFO:.home.mininet.riplpox.riplpox:route: ['1_0_1', '1_2_1', '4_1_1', '3_2_1', '3_0_1']
INFO:.home.mininet.riplpox.riplpox:route: ['2_0_1', '2_2_1', '4_1_1', '0_2_1', '0_1_1']
INFO:.home.mininet.riplpox.riplpox:route: ['3_0_1', '3_2_1', '4_1_1', '1_2_1', '1_0_1']
INFO:.home.mininet.riplpox.riplpox:route: ['1_0_1', '1_2_1', '4_1_1', '3_2_1', '3_0_1']
INFO:.home.mininet.riplpox.riplpox:route: ['0_1_1', '0_2_1', '4_1_1', '2_2_1', '2_0_1']
INFO:.home.mininet.riplpox.riplpox:route: ['2_0_1', '2_2_1', '4_1_1', '1_2_1', '1_0_1']
INFO:.home.mininet.riplpox.riplpox:route: ['3_0_1', '3_2_1', '4_1_1', '1_2_1', '1_1_1']
INFO:.home.mininet.riplpox.riplpox:route: ['1_0_1', '1_2_1', '4_1_1', '2_2_1', '2_0_1']
INFO:.home.mininet.riplpox.riplpox:route: ['1_1_1', '1_2_1', '4_1_1', '3_2_1', '3_0_1']
INFO:.home.mininet.riplpox.riplpox:route: ['2_0_1', '2_2_1', '4_1_1', '1_2_1', '1_0_1']
INFO:.home.mininet.riplpox.riplpox:route: ['1_0_1', '1_2_1', '4_1_1', '2_2_1', '2_0_1']
INFO:.home.mininet.riplpox.riplpox:route: ['3_0_1', '3_2_1', '4_1_1', '1_2_1', '1_1_1']
INFO:.home.mininet.riplpox.riplpox:route: ['1_1_1', '1_2_1', '4_1_1', '3_2_1', '3_0_1']
INFO:.home.mininet.riplpox.riplpox:route: ['3_0_1', '3_2_1', '4_1_1', '2_2_1', '2_0_1']
INFO:.home.mininet.riplpox.riplpox:route: ['2_0_1', '2_2_1', '4_1_1', '1_2_1', '1_1_1']
INFO:.home.mininet.riplpox.riplpox:route: ['1_1_1', '1_2_1', '4_1_1', '2_2_1', '2_0_1']
INFO:.home.mininet.riplpox.riplpox:route: ['2_0_1', '2_2_1', '4_1_1', '3_2_1', '3_0_1']
INFO:.home.mininet.riplpox.riplpox:route: ['3_0_1', '3_2_1', '4_1_1', '2_2_1', '2_0_1']
INFO:.home.mininet.riplpox.riplpox:route: ['2_0_1', '2_2_1', '4_1_1', '1_2_1', '1_1_1']
INFO:.home.mininet.riplpox.riplpox:route: ['2_0_1', '2_2_1', '4_1_1', '3_2_1', '3_0_1']
INFO:.home.mininet.riplpox.riplpox:route: ['1_1_1', '1_2_1', '4_1_1', '2_2_1', '2_0_1']
INFO:.home.mininet.riplpox.riplpox:route: ['3_0_1', '3_2_1', '4_1_1', '2_2_1', '2_1_1']
INFO:.home.mininet.riplpox.riplpox:route: ['2_1_1', '2_2_1', '4_1_1', '3_2_1', '3_0_1']
INFO:.home.mininet.riplpox.riplpox:route: ['2_0_1']
INFO:.home.mininet.riplpox.riplpox:route: ['3_0_1', '3_2_1', '4_1_1', '2_2_1', '2_1_1']
INFO:.home.mininet.riplpox.riplpox:route: ['2_0_1']
INFO:.home.mininet.riplpox.riplpox:route: ['2_1_1', '2_2_1', '4_1_1', '3_2_1', '3_0_1']
INFO:.home.mininet.riplpox.riplpox:route: ['3_0_1']
INFO:.home.mininet.riplpox.riplpox:route: ['3_0_1']
INFO:.home.mininet.riplpox.riplpox:route: ['3_1_1', '3_2_1', '3_0_1']
INFO:.home.mininet.riplpox.riplpox:route: ['3_0_1', '3_2_1', '3_1_1']
INFO:.home.mininet.riplpox.riplpox:route: ['3_1_1', '3_2_1', '3_0_1']
INFO:.home.mininet.riplpox.riplpox:route: ['3_1_1', '3_2_1', '3_0_1']
INFO:.home.mininet.riplpox.riplpox:route: ['3_0_1', '3_2_1', '3_1_1']
INFO:.home.mininet.riplpox.riplpox:route: ['3_1_1', '3_2_1', '3_0_1']
INFO:.home.mininet.riplpox.riplpox:route: ['3_1_1', '3_2_1', '4_1_1', '0_2_1', '0_0_1']
INFO:.home.mininet.riplpox.riplpox:route: ['0_0_1', '0_2_1', '4_1_1', '3_2_1', '3_1_1']
INFO:.home.mininet.riplpox.riplpox:route: ['3_1_1', '3_2_1', '4_1_1', '0_2_1', '0_0_1']
INFO:.home.mininet.riplpox.riplpox:route: ['0_0_1', '0_2_1', '4_1_1', '3_2_1', '3_1_1']
INFO:.home.mininet.riplpox.riplpox:route: ['3_1_1', '3_2_1', '4_1_1', '0_2_1', '0_1_1']
INFO:.home.mininet.riplpox.riplpox:route: ['0_1_1', '0_2_1', '4_1_1', '3_2_1', '3_1_1']
INFO:.home.mininet.riplpox.riplpox:route: ['3_1_1', '3_2_1', '4_1_1', '0_2_1', '0_1_1']
INFO:.home.mininet.riplpox.riplpox:route: ['0_1_1', '0_2_1', '4_1_1', '3_2_1', '3_1_1']
INFO:.home.mininet.riplpox.riplpox:route: ['3_1_1', '3_2_1', '4_1_1', '1_2_1', '1_0_1']
INFO:.home.mininet.riplpox.riplpox:route: ['1_0_1', '1_2_1', '4_1_1', '3_2_1', '3_1_1']
INFO:.home.mininet.riplpox.riplpox:route: ['3_1_1', '3_2_1', '4_1_1', '1_2_1', '1_0_1']
INFO:.home.mininet.riplpox.riplpox:route: ['1_0_1', '1_2_1', '4_1_1', '3_2_1', '3_1_1']
INFO:.home.mininet.riplpox.riplpox:route: ['3_1_1', '3_2_1', '4_1_1', '1_2_1', '1_1_1']
INFO:.home.mininet.riplpox.riplpox:route: ['3_1_1', '3_2_1', '4_1_1', '2_2_1', '2_0_1']
INFO:.home.mininet.riplpox.riplpox:route: ['2_0_1', '2_2_1', '4_1_1', '3_2_1', '3_1_1']
INFO:.home.mininet.riplpox.riplpox:route: ['1_1_1', '1_2_1', '4_1_1', '3_2_1', '3_1_1']
INFO:.home.mininet.riplpox.riplpox:route: ['2_1_1', '2_2_1', '4_1_1', '0_2_1', '0_0_1']
INFO:.home.mininet.riplpox.riplpox:route: ['0_0_1', '0_2_1', '4_1_1', '2_2_1', '2_1_1']
INFO:.home.mininet.riplpox.riplpox:route: ['3_1_1', '3_2_1', '4_1_1', '1_2_1', '1_1_1']
INFO:.home.mininet.riplpox.riplpox:route: ['2_1_1', '2_2_1', '4_1_1', '0_2_1', '0_0_1']
INFO:.home.mininet.riplpox.riplpox:route: ['0_0_1', '0_2_1', '4_1_1', '2_2_1', '2_1_1']
INFO:.home.mininet.riplpox.riplpox:route: ['1_1_1', '1_2_1', '4_1_1', '3_2_1', '3_1_1']
INFO:.home.mininet.riplpox.riplpox:route: ['3_1_1', '3_2_1', '4_1_1', '2_2_1', '2_0_1']
INFO:.home.mininet.riplpox.riplpox:route: ['2_1_1', '2_2_1', '4_1_1', '0_2_1', '0_1_1']
INFO:.home.mininet.riplpox.riplpox:route: ['2_0_1', '2_2_1', '4_1_1', '3_2_1', '3_1_1']
INFO:.home.mininet.riplpox.riplpox:route: ['0_1_1', '0_2_1', '4_1_1', '2_2_1', '2_1_1']
INFO:.home.mininet.riplpox.riplpox:route: ['2_1_1', '2_2_1', '4_1_1', '0_2_1', '0_1_1']
INFO:.home.mininet.riplpox.riplpox:route: ['3_1_1', '3_2_1', '4_1_1', '2_2_1', '2_0_1']
INFO:.home.mininet.riplpox.riplpox:route: ['0_1_1', '0_2_1', '4_1_1', '2_2_1', '2_1_1']
INFO:.home.mininet.riplpox.riplpox:route: ['2_0_1', '2_2_1', '4_1_1', '3_2_1', '3_1_1']
INFO:.home.mininet.riplpox.riplpox:route: ['2_1_1', '2_2_1', '4_1_1', '1_2_1', '1_0_1']
INFO:.home.mininet.riplpox.riplpox:route: ['1_0_1', '1_2_1', '4_1_1', '2_2_1', '2_1_1']
INFO:.home.mininet.riplpox.riplpox:route: ['3_1_1', '3_2_1', '4_1_1', '2_2_1', '2_1_1']
INFO:.home.mininet.riplpox.riplpox:route: ['2_1_1', '2_2_1', '4_1_1', '3_2_1', '3_1_1']
INFO:.home.mininet.riplpox.riplpox:route: ['2_1_1', '2_2_1', '4_1_1', '1_2_1', '1_0_1']
INFO:.home.mininet.riplpox.riplpox:route: ['1_0_1', '1_2_1', '4_1_1', '2_2_1', '2_1_1']
INFO:.home.mininet.riplpox.riplpox:route: ['3_1_1', '3_2_1', '4_1_1', '2_2_1', '2_1_1']
INFO:.home.mininet.riplpox.riplpox:route: ['2_1_1', '2_2_1', '4_1_1', '3_2_1', '3_1_1']
INFO:.home.mininet.riplpox.riplpox:route: ['3_1_1', '3_2_1', '3_0_1']
INFO:.home.mininet.riplpox.riplpox:route: ['3_0_1', '3_2_1', '3_1_1']
INFO:.home.mininet.riplpox.riplpox:route: ['2_1_1', '2_2_1', '4_1_1', '1_2_1', '1_1_1']
INFO:.home.mininet.riplpox.riplpox:route: ['1_1_1', '1_2_1', '4_1_1', '2_2_1', '2_1_1']
INFO:.home.mininet.riplpox.riplpox:route: ['3_1_1', '3_2_1', '3_0_1']
INFO:.home.mininet.riplpox.riplpox:route: ['2_1_1', '2_2_1', '4_1_1', '1_2_1', '1_1_1']
INFO:.home.mininet.riplpox.riplpox:route: ['1_1_1', '1_2_1', '4_1_1', '2_2_1', '2_1_1']
INFO:.home.mininet.riplpox.riplpox:route: ['3_0_1', '3_2_1', '3_1_1']
INFO:.home.mininet.riplpox.riplpox:route: ['2_1_1', '2_2_1', '2_0_1']
INFO:.home.mininet.riplpox.riplpox:route: ['3_1_1']
INFO:.home.mininet.riplpox.riplpox:route: ['2_0_1', '2_2_1', '2_1_1']
INFO:.home.mininet.riplpox.riplpox:route: ['2_1_1', '2_2_1', '2_0_1']
INFO:.home.mininet.riplpox.riplpox:route: ['3_1_1']
INFO:.home.mininet.riplpox.riplpox:route: ['2_0_1', '2_2_1', '2_1_1']
INFO:.home.mininet.riplpox.riplpox:route: ['3_1_1']
INFO:.home.mininet.riplpox.riplpox:route: ['3_1_1', '3_2_1', '4_1_1', '0_2_1', '0_0_1']
INFO:.home.mininet.riplpox.riplpox:route: ['0_0_1', '0_2_1', '4_1_1', '3_2_1', '3_1_1']
INFO:.home.mininet.riplpox.riplpox:route: ['3_1_1', '3_2_1', '4_1_1', '0_2_1', '0_0_1']
INFO:.home.mininet.riplpox.riplpox:route: ['0_0_1', '0_2_1', '4_1_1', '3_2_1', '3_1_1']
INFO:.home.mininet.riplpox.riplpox:route: ['3_1_1', '3_2_1', '4_1_1', '0_2_1', '0_1_1']
INFO:.home.mininet.riplpox.riplpox:route: ['0_1_1', '0_2_1', '4_1_1', '3_2_1', '3_1_1']
INFO:.home.mininet.riplpox.riplpox:route: ['3_1_1', '3_2_1', '4_1_1', '0_2_1', '0_1_1']
INFO:.home.mininet.riplpox.riplpox:route: ['0_1_1', '0_2_1', '4_1_1', '3_2_1', '3_1_1']
INFO:.home.mininet.riplpox.riplpox:route: ['3_1_1', '3_2_1', '4_1_1', '1_2_1', '1_0_1']
INFO:.home.mininet.riplpox.riplpox:route: ['1_0_1', '1_2_1', '4_1_1', '3_2_1', '3_1_1']
INFO:.home.mininet.riplpox.riplpox:route: ['3_1_1', '3_2_1', '4_1_1', '1_2_1', '1_0_1']
INFO:.home.mininet.riplpox.riplpox:route: ['1_0_1', '1_2_1', '4_1_1', '3_2_1', '3_1_1']
INFO:.home.mininet.riplpox.riplpox:route: ['3_1_1', '3_2_1', '4_1_1', '1_2_1', '1_1_1']
INFO:.home.mininet.riplpox.riplpox:route: ['1_1_1', '1_2_1', '4_1_1', '3_2_1', '3_1_1']
INFO:.home.mininet.riplpox.riplpox:route: ['3_1_1', '3_2_1', '4_1_1', '1_2_1', '1_1_1']
INFO:.home.mininet.riplpox.riplpox:route: ['3_1_1', '3_2_1', '4_1_1', '2_2_1', '2_1_1']
INFO:.home.mininet.riplpox.riplpox:route: ['1_1_1', '1_2_1', '4_1_1', '3_2_1', '3_1_1']
INFO:.home.mininet.riplpox.riplpox:route: ['2_1_1', '2_2_1', '4_1_1', '3_2_1', '3_1_1']
INFO:.home.mininet.riplpox.riplpox:route: ['2_1_1', '2_2_1', '4_1_1', '0_2_1', '0_0_1']
INFO:.home.mininet.riplpox.riplpox:route: ['3_1_1', '3_2_1', '4_1_1', '2_2_1', '2_0_1']
INFO:.home.mininet.riplpox.riplpox:route: ['0_0_1', '0_2_1', '4_1_1', '2_2_1', '2_1_1']
INFO:.home.mininet.riplpox.riplpox:route: ['2_0_1', '2_2_1', '4_1_1', '3_2_1', '3_1_1']
INFO:.home.mininet.riplpox.riplpox:route: ['3_1_1', '3_2_1', '4_1_1', '2_2_1', '2_0_1']
INFO:.home.mininet.riplpox.riplpox:route: ['2_1_1', '2_2_1', '4_1_1', '0_2_1', '0_0_1']
INFO:.home.mininet.riplpox.riplpox:route: ['0_0_1', '0_2_1', '4_1_1', '2_2_1', '2_1_1']
INFO:.home.mininet.riplpox.riplpox:route: ['2_0_1', '2_2_1', '4_1_1', '3_2_1', '3_1_1']
INFO:.home.mininet.riplpox.riplpox:route: ['3_1_1', '3_2_1', '4_1_1', '2_2_1', '2_1_1']
INFO:.home.mininet.riplpox.riplpox:route: ['2_1_1', '2_2_1', '4_1_1', '0_2_1', '0_1_1']
INFO:.home.mininet.riplpox.riplpox:route: ['2_1_1', '2_2_1', '4_1_1', '3_2_1', '3_1_1']
INFO:.home.mininet.riplpox.riplpox:route: ['0_1_1', '0_2_1', '4_1_1', '2_2_1', '2_1_1']
INFO:.home.mininet.riplpox.riplpox:route: ['3_1_1', '3_2_1', '4_1_1', '2_2_1', '2_1_1']
INFO:.home.mininet.riplpox.riplpox:route: ['2_1_1', '2_2_1', '4_1_1', '0_2_1', '0_1_1']
INFO:.home.mininet.riplpox.riplpox:route: ['0_1_1', '0_2_1', '4_1_1', '2_2_1', '2_1_1']
INFO:.home.mininet.riplpox.riplpox:route: ['2_1_1', '2_2_1', '4_1_1', '3_2_1', '3_1_1']
INFO:.home.mininet.riplpox.riplpox:route: ['2_1_1', '2_2_1', '4_1_1', '1_2_1', '1_0_1']
INFO:.home.mininet.riplpox.riplpox:route: ['1_0_1', '1_2_1', '4_1_1', '2_2_1', '2_1_1']
INFO:.home.mininet.riplpox.riplpox:route: ['3_1_1', '3_2_1', '3_0_1']
INFO:.home.mininet.riplpox.riplpox:route: ['3_0_1', '3_2_1', '3_1_1']
INFO:.home.mininet.riplpox.riplpox:route: ['2_1_1', '2_2_1', '4_1_1', '1_2_1', '1_0_1']
INFO:.home.mininet.riplpox.riplpox:route: ['1_0_1', '1_2_1', '4_1_1', '2_2_1', '2_1_1']
INFO:.home.mininet.riplpox.riplpox:route: ['3_1_1', '3_2_1', '3_0_1']
INFO:.home.mininet.riplpox.riplpox:route: ['3_0_1', '3_2_1', '3_1_1']
INFO:.home.mininet.riplpox.riplpox:route: ['3_1_1']
INFO:.home.mininet.riplpox.riplpox:route: ['2_1_1', '2_2_1', '4_1_1', '1_2_1', '1_1_1']
INFO:.home.mininet.riplpox.riplpox:route: ['1_1_1', '1_2_1', '4_1_1', '2_2_1', '2_1_1']
INFO:.home.mininet.riplpox.riplpox:route: ['3_1_1']
INFO:.home.mininet.riplpox.riplpox:route: ['2_1_1', '2_2_1', '4_1_1', '1_2_1', '1_1_1']
INFO:.home.mininet.riplpox.riplpox:route: ['1_1_1', '1_2_1', '4_1_1', '2_2_1', '2_1_1']
INFO:.home.mininet.riplpox.riplpox:route: ['2_1_1', '2_2_1', '2_0_1']
INFO:.home.mininet.riplpox.riplpox:route: ['2_0_1', '2_2_1', '2_1_1']
INFO:.home.mininet.riplpox.riplpox:route: ['2_1_1', '2_2_1', '2_0_1']
INFO:.home.mininet.riplpox.riplpox:route: ['2_0_1', '2_2_1', '2_1_1']
INFO:.home.mininet.riplpox.riplpox:route: ['2_1_1']
INFO:.home.mininet.riplpox.riplpox:route: ['2_1_1']
INFO:.home.mininet.riplpox.riplpox:route: ['3_1_1', '3_2_1', '4_1_1', '2_2_1', '2_1_1']
INFO:.home.mininet.riplpox.riplpox:route: ['3_0_1', '3_2_1', '4_1_1', '0_2_1', '0_0_1']
INFO:.home.mininet.riplpox.riplpox:route: ['0_0_1', '0_2_1', '4_1_1', '3_2_1', '3_0_1']
INFO:.home.mininet.riplpox.riplpox:route: ['3_0_1', '3_2_1', '4_1_1', '0_2_1', '0_0_1']
INFO:.home.mininet.riplpox.riplpox:route: ['2_1_1', '2_2_1', '4_1_1', '3_2_1', '3_1_1']
INFO:.home.mininet.riplpox.riplpox:route: ['0_0_1', '0_2_1', '4_1_1', '3_2_1', '3_0_1']
INFO:.home.mininet.riplpox.riplpox:route: ['3_0_1', '3_2_1', '4_1_1', '0_2_1', '0_1_1']
INFO:.home.mininet.riplpox.riplpox:route: ['0_1_1', '0_2_1', '4_1_1', '3_2_1', '3_0_1']
INFO:.home.mininet.riplpox.riplpox:route: ['3_0_1', '3_2_1', '4_1_1', '0_2_1', '0_1_1']
INFO:.home.mininet.riplpox.riplpox:route: ['0_1_1', '0_2_1', '4_1_1', '3_2_1', '3_0_1']
INFO:.home.mininet.riplpox.riplpox:route: ['3_0_1', '3_2_1', '4_1_1', '1_2_1', '1_0_1']
INFO:.home.mininet.riplpox.riplpox:route: ['1_0_1', '1_2_1', '4_1_1', '3_2_1', '3_0_1']
INFO:.home.mininet.riplpox.riplpox:route: ['3_0_1', '3_2_1', '4_1_1', '1_2_1', '1_0_1']
INFO:.home.mininet.riplpox.riplpox:route: ['1_0_1', '1_2_1', '4_1_1', '3_2_1', '3_0_1']
INFO:.home.mininet.riplpox.riplpox:route: ['3_0_1', '3_2_1', '4_1_1', '1_2_1', '1_1_1']
INFO:.home.mininet.riplpox.riplpox:route: ['1_1_1', '1_2_1', '4_1_1', '3_2_1', '3_0_1']
INFO:.home.mininet.riplpox.riplpox:route: ['3_0_1', '3_2_1', '4_1_1', '1_2_1', '1_1_1']
INFO:.home.mininet.riplpox.riplpox:route: ['1_1_1', '1_2_1', '4_1_1', '3_2_1', '3_0_1']
INFO:.home.mininet.riplpox.riplpox:route: ['3_0_1', '3_2_1', '4_1_1', '2_2_1', '2_0_1']
INFO:.home.mininet.riplpox.riplpox:route: ['2_0_1', '2_2_1', '4_1_1', '3_2_1', '3_0_1']
INFO:.home.mininet.riplpox.riplpox:route: ['3_0_1', '3_2_1', '4_1_1', '2_2_1', '2_0_1']
INFO:.home.mininet.riplpox.riplpox:route: ['2_0_1', '2_2_1', '4_1_1', '3_2_1', '3_0_1']
INFO:.home.mininet.riplpox.riplpox:route: ['3_0_1', '3_2_1', '4_1_1', '2_2_1', '2_1_1']
INFO:.home.mininet.riplpox.riplpox:route: ['2_1_1', '2_2_1', '4_1_1', '3_2_1', '3_0_1']
INFO:.home.mininet.riplpox.riplpox:route: ['3_0_1', '3_2_1', '4_1_1', '2_2_1', '2_1_1']
INFO:.home.mininet.riplpox.riplpox:route: ['2_1_1', '2_2_1', '4_1_1', '3_2_1', '3_0_1']
INFO:.home.mininet.riplpox.riplpox:route: ['3_1_1', '3_2_1', '3_0_1']
INFO:.home.mininet.riplpox.riplpox:route: ['3_0_1', '3_2_1', '4_1_1', '0_2_1', '0_0_1']
INFO:.home.mininet.riplpox.riplpox:route: ['0_0_1', '0_2_1', '4_1_1', '3_2_1', '3_0_1']
INFO:.home.mininet.riplpox.riplpox:route: ['3_0_1', '3_2_1', '3_1_1']
INFO:.home.mininet.riplpox.riplpox:route: ['3_0_1', '3_2_1', '4_1_1', '0_2_1', '0_0_1']
INFO:.home.mininet.riplpox.riplpox:route: ['3_0_1', '3_2_1', '4_1_1', '0_2_1', '0_1_1']
INFO:.home.mininet.riplpox.riplpox:route: ['0_1_1', '0_2_1', '4_1_1', '3_2_1', '3_0_1']
INFO:.home.mininet.riplpox.riplpox:route: ['0_0_1', '0_2_1', '4_1_1', '3_2_1', '3_0_1']
INFO:.home.mininet.riplpox.riplpox:route: ['3_0_1', '3_2_1', '4_1_1', '0_2_1', '0_1_1']
INFO:.home.mininet.riplpox.riplpox:route: ['0_1_1', '0_2_1', '4_1_1', '3_2_1', '3_0_1']
INFO:.home.mininet.riplpox.riplpox:route: ['3_0_1', '3_2_1', '4_1_1', '1_2_1', '1_0_1']
INFO:.home.mininet.riplpox.riplpox:route: ['1_0_1', '1_2_1', '4_1_1', '3_2_1', '3_0_1']
INFO:.home.mininet.riplpox.riplpox:route: ['3_0_1', '3_2_1', '4_1_1', '1_2_1', '1_0_1']
INFO:.home.mininet.riplpox.riplpox:route: ['1_0_1', '1_2_1', '4_1_1', '3_2_1', '3_0_1']
INFO:.home.mininet.riplpox.riplpox:route: ['3_0_1', '3_2_1', '4_1_1', '1_2_1', '1_1_1']
INFO:.home.mininet.riplpox.riplpox:route: ['1_1_1', '1_2_1', '4_1_1', '3_2_1', '3_0_1']
INFO:.home.mininet.riplpox.riplpox:route: ['3_0_1', '3_2_1', '4_1_1', '1_2_1', '1_1_1']
INFO:.home.mininet.riplpox.riplpox:route: ['1_1_1', '1_2_1', '4_1_1', '3_2_1', '3_0_1']
INFO:.home.mininet.riplpox.riplpox:route: ['3_0_1', '3_2_1', '4_1_1', '2_2_1', '2_0_1']
INFO:.home.mininet.riplpox.riplpox:route: ['2_0_1', '2_2_1', '4_1_1', '3_2_1', '3_0_1']
INFO:.home.mininet.riplpox.riplpox:route: ['3_0_1', '3_2_1', '4_1_1', '2_2_1', '2_0_1']
INFO:.home.mininet.riplpox.riplpox:route: ['3_0_1', '3_2_1', '4_1_1', '2_2_1', '2_1_1']
INFO:.home.mininet.riplpox.riplpox:route: ['2_0_1', '2_2_1', '4_1_1', '3_2_1', '3_0_1']
INFO:.home.mininet.riplpox.riplpox:route: ['2_1_1', '2_2_1', '4_1_1', '3_2_1', '3_0_1']
INFO:.home.mininet.riplpox.riplpox:route: ['3_0_1', '3_2_1', '4_1_1', '2_2_1', '2_1_1']
INFO:.home.mininet.riplpox.riplpox:route: ['2_1_1', '2_2_1', '4_1_1', '3_2_1', '3_0_1']
INFO:.home.mininet.riplpox.riplpox:route: ['3_0_1']
INFO:.home.mininet.riplpox.riplpox:route: ['3_0_1']
INFO:.home.mininet.riplpox.riplpox:route: ['3_1_1', '3_2_1', '3_0_1']
INFO:.home.mininet.riplpox.riplpox:route: ['3_0_1', '3_2_1', '3_1_1']
INFO:.home.mininet.riplpox.riplpox:route: ['3_1_1', '3_2_1', '4_1_1', '0_2_1', '0_0_1']
INFO:.home.mininet.riplpox.riplpox:route: ['0_0_1', '0_2_1', '4_1_1', '3_2_1', '3_1_1']
INFO:.home.mininet.riplpox.riplpox:route: ['3_1_1', '3_2_1', '4_1_1', '0_2_1', '0_0_1']
INFO:.home.mininet.riplpox.riplpox:route: ['0_0_1', '0_2_1', '4_1_1', '3_2_1', '3_1_1']
INFO:.home.mininet.riplpox.riplpox:route: ['3_1_1', '3_2_1', '4_1_1', '0_2_1', '0_1_1']
INFO:.home.mininet.riplpox.riplpox:route: ['0_1_1', '0_2_1', '4_1_1', '3_2_1', '3_1_1']
INFO:.home.mininet.riplpox.riplpox:route: ['3_1_1', '3_2_1', '4_1_1', '0_2_1', '0_1_1']
INFO:.home.mininet.riplpox.riplpox:route: ['0_1_1', '0_2_1', '4_1_1', '3_2_1', '3_1_1']
INFO:.home.mininet.riplpox.riplpox:route: ['3_1_1', '3_2_1', '4_1_1', '1_2_1', '1_0_1']
INFO:.home.mininet.riplpox.riplpox:route: ['1_0_1', '1_2_1', '4_1_1', '3_2_1', '3_1_1']
INFO:.home.mininet.riplpox.riplpox:route: ['3_1_1', '3_2_1', '4_1_1', '1_2_1', '1_0_1']
INFO:.home.mininet.riplpox.riplpox:route: ['1_0_1', '1_2_1', '4_1_1', '3_2_1', '3_1_1']
INFO:.home.mininet.riplpox.riplpox:route: ['3_1_1', '3_2_1', '4_1_1', '1_2_1', '1_1_1']
INFO:.home.mininet.riplpox.riplpox:route: ['1_1_1', '1_2_1', '4_1_1', '3_2_1', '3_1_1']
INFO:.home.mininet.riplpox.riplpox:route: ['3_1_1', '3_2_1', '4_1_1', '1_2_1', '1_1_1']
INFO:.home.mininet.riplpox.riplpox:route: ['1_1_1', '1_2_1', '4_1_1', '3_2_1', '3_1_1']
INFO:.home.mininet.riplpox.riplpox:route: ['3_1_1', '3_2_1', '4_1_1', '2_2_1', '2_0_1']
INFO:.home.mininet.riplpox.riplpox:route: ['2_0_1', '2_2_1', '4_1_1', '3_2_1', '3_1_1']
INFO:.home.mininet.riplpox.riplpox:route: ['3_1_1', '3_2_1', '4_1_1', '2_2_1', '2_0_1']
INFO:.home.mininet.riplpox.riplpox:route: ['2_0_1', '2_2_1', '4_1_1', '3_2_1', '3_1_1']
INFO:.home.mininet.riplpox.riplpox:route: ['3_1_1', '3_2_1', '4_1_1', '2_2_1', '2_1_1']
INFO:.home.mininet.riplpox.riplpox:route: ['2_1_1', '2_2_1', '4_1_1', '3_2_1', '3_1_1']
INFO:.home.mininet.riplpox.riplpox:route: ['3_1_1', '3_2_1', '4_1_1', '2_2_1', '2_1_1']
INFO:.home.mininet.riplpox.riplpox:route: ['2_1_1', '2_2_1', '4_1_1', '3_2_1', '3_1_1']
INFO:.home.mininet.riplpox.riplpox:route: ['3_1_1', '3_2_1', '3_0_1']
INFO:.home.mininet.riplpox.riplpox:route: ['3_0_1', '3_2_1', '3_1_1']
INFO:.home.mininet.riplpox.riplpox:route: ['3_1_1', '3_2_1', '3_0_1']
INFO:.home.mininet.riplpox.riplpox:route: ['3_0_1', '3_2_1', '3_1_1']
INFO:.home.mininet.riplpox.riplpox:route: ['3_1_1']
INFO:.home.mininet.riplpox.riplpox:route: ['3_1_1']
INFO:openflow.of_01:[Con 2/1] closing connection
INFO:openflow.of_01:[Con 3/257] closing connection
INFO:openflow.of_01:[Con 4/513] closing connection
INFO:openflow.of_01:[Con 5/769] closing connection
INFO:openflow.of_01:[Con 6/65537] closing connection
INFO:openflow.of_01:[Con 7/65793] closing connection
INFO:openflow.of_01:[Con 8/66049] closing connection
INFO:openflow.of_01:[Con 9/66305] closing connection
INFO:openflow.of_01:[Con 10/131073] closing connection
INFO:openflow.of_01:[Con 11/131329] closing connection
INFO:openflow.of_01:[Con 12/131585] closing connection
INFO:openflow.of_01:[Con 13/131841] closing connection
INFO:openflow.of_01:[Con 14/196609] closing connection
INFO:openflow.of_01:[Con 15/196865] closing connection
INFO:openflow.of_01:[Con 16/197121] closing connection
INFO:openflow.of_01:[Con 17/197377] closing connection
INFO:openflow.of_01:[Con 18/262401] closing connection
INFO:openflow.of_01:[Con 19/262402] closing connection
INFO:openflow.of_01:[Con 20/262657] closing connection
INFO:openflow.of_01:[Con 21/262658] closing connection
INFO:openflow.of_01:[Con 22/None] closing connection
INFO:openflow.of_01:[Con 23/None] closing connection
